[2023-10-12 20:41:15,679][INFO] vFL config:
[2023-10-12 20:41:15,679][INFO] [dataset]
[2023-10-12 20:41:15,680][INFO]     name = criteo
[2023-10-12 20:41:15,680][INFO]     guestcols = I1,I2,I3,I4,I5,I6,I7,C1,C2,C3,C4,C5,C6,C7,C8,C9,C10,C11,C12,C13
[2023-10-12 20:41:15,680][INFO]     hostcols = I8,I9,I10,I11,I12,I13,C14,C15,C16,C17,C18,C19,C20,C21,C22,C23,C24,C25,C26
[2023-10-12 20:41:15,680][INFO]     guestdensenum = 7
[2023-10-12 20:41:15,680][INFO]     guestsparsenum = 13
[2023-10-12 20:41:15,680][INFO]     hostdensenum = 6
[2023-10-12 20:41:15,680][INFO]     hostsparsenum = 13
[2023-10-12 20:41:15,681][INFO]     embeddingsize = 8
[2023-10-12 20:41:15,681][INFO]     bottomfcdim = 512,256
[2023-10-12 20:41:15,681][INFO]     embeddingdim = 128
[2023-10-12 20:41:15,681][INFO]     topfcdim = 1
[2023-10-12 20:41:15,681][INFO] [training]
[2023-10-12 20:41:15,681][INFO]     epoch = 5
[2023-10-12 20:41:15,681][INFO]     learningrate = 0.05
[2023-10-12 20:41:15,681][INFO]     batchsize = 1024
[2023-10-12 20:41:15,682][INFO]     device = cuda
[2023-10-12 20:41:15,682][INFO]     usemaloptimizer = 0
[2023-10-12 20:41:15,682][INFO]     printinterval = 5
[2023-10-12 20:41:15,682][INFO] [privacy]
[2023-10-12 20:41:15,682][INFO]     normattack = 1
[2023-10-12 20:41:15,682][INFO]     embattack = 1
[2023-10-12 20:41:15,682][INFO]     modelcompletion = 1
[2023-10-12 20:41:15,682][INFO]     mcnlabeled = 200
[2023-10-12 20:41:15,682][INFO]     mcbatch = 16
[2023-10-12 20:41:15,682][INFO]     mclr = 1e-3
[2023-10-12 20:41:15,682][INFO]     mcepochs = 5
[2023-10-12 20:41:15,683][INFO]     mciter = 1024
[2023-10-12 20:41:15,683][INFO]     mcalpha = 0.75
[2023-10-12 20:41:15,683][INFO]     mclambdau = 50
[2023-10-12 20:41:15,683][INFO]     mct = 0.8
[2023-10-12 20:41:15,683][INFO]     mcemadecay = 0.999
[2023-10-12 20:41:15,683][INFO]     dcorloss = 0
[2023-10-12 20:41:15,684][INFO]     dcorcoef = 0.01
[2023-10-12 20:41:15,684][INFO]     labelconfusion = 0
[2023-10-12 20:41:15,684][INFO] >>> Prepare for vFL training...
[2023-10-12 20:41:15,868][INFO] Note: NumExpr detected 16 cores but "NUMEXPR_MAX_THREADS" not set, so enforcing safe limit of 8.
[2023-10-12 20:41:15,868][INFO] NumExpr defaulting to 8 threads.
[2023-10-12 20:41:18,795][INFO] train set: 1000000
[2023-10-12 20:41:19,350][INFO] test set: 200000
[2023-10-12 20:41:19,836][INFO] host_bottom_model:
HostBottomModel(
  (embed_part): Embed(
    (embed_layers): ModuleDict(
      (embed_0): Embedding(26, 8)
      (embed_1): Embedding(9239, 8)
      (embed_2): Embedding(239685, 8)
      (embed_3): Embedding(10, 8)
      (embed_4): Embedding(3988, 8)
      (embed_5): Embedding(1886, 8)
      (embed_6): Embedding(4, 8)
      (embed_7): Embedding(281580, 8)
      (embed_8): Embedding(16, 8)
      (embed_9): Embedding(15, 8)
      (embed_10): Embedding(45510, 8)
      (embed_11): Embedding(72, 8)
      (embed_12): Embedding(33803, 8)
    )
  )
  (deep_part): Deep(
    (dnn): ModuleList(
      (0): Linear(in_features=110, out_features=512, bias=True)
      (1): Linear(in_features=512, out_features=256, bias=True)
      (2): Linear(in_features=256, out_features=64, bias=True)
    )
    (dropout): Dropout(p=0.0, inplace=False)
    (relu): ReLU()
  )
)
[2023-10-12 20:41:19,839][INFO] guest_bottom_model:
GuestBottomModel(
  (wide_embed): Embed(
    (embed_layers): ModuleDict(
      (embed_0): Embedding(1293, 8)
      (embed_1): Embedding(532, 8)
      (embed_2): Embedding(378254, 8)
      (embed_3): Embedding(137941, 8)
      (embed_4): Embedding(273, 8)
      (embed_5): Embedding(16, 8)
      (embed_6): Embedding(11011, 8)
      (embed_7): Embedding(574, 8)
      (embed_8): Embedding(3, 8)
      (embed_9): Embedding(32997, 8)
      (embed_10): Embedding(4776, 8)
      (embed_11): Embedding(314932, 8)
      (embed_12): Embedding(3072, 8)
    )
  )
  (deep_embed): Embed(
    (embed_layers): ModuleDict(
      (embed_0): Embedding(1293, 8)
      (embed_1): Embedding(532, 8)
      (embed_2): Embedding(378254, 8)
      (embed_3): Embedding(137941, 8)
      (embed_4): Embedding(273, 8)
      (embed_5): Embedding(16, 8)
      (embed_6): Embedding(11011, 8)
      (embed_7): Embedding(574, 8)
      (embed_8): Embedding(3, 8)
      (embed_9): Embedding(32997, 8)
      (embed_10): Embedding(4776, 8)
      (embed_11): Embedding(314932, 8)
      (embed_12): Embedding(3072, 8)
    )
  )
  (wide_sparse_part): Wide(
    (fc): Linear(in_features=104, out_features=1, bias=True)
  )
  (wide_dense_part): Wide(
    (fc): Linear(in_features=7, out_features=1, bias=True)
  )
  (deep_part): Deep(
    (dnn): ModuleList(
      (0): Linear(in_features=111, out_features=512, bias=True)
      (1): Linear(in_features=512, out_features=256, bias=True)
      (2): Linear(in_features=256, out_features=64, bias=True)
    )
    (dropout): Dropout(p=0.0, inplace=False)
    (relu): ReLU()
  )
)
[2023-10-12 20:41:19,841][INFO] guest_top_model:
GuestTopModel(
  (deep_part): Deep(
    (dnn): ModuleList(
      (0): Linear(in_features=128, out_features=1, bias=True)
    )
    (dropout): Dropout(p=0.0, inplace=False)
    (relu): ReLU()
  )
  (relu): ReLU()
)
[2023-10-12 20:41:19,841][INFO] 
[2023-10-12 20:41:19,841][INFO] >>> vFL training and evaluating starts...
[2023-10-12 20:41:19,842][INFO] 
[2023-10-12 20:41:19,842][INFO] Epoch [1 | 5]:   BatchSize = 1024	hostLR = 0.0500000  guestLR = 0.0500000  topLR = 0.0500000
[2023-10-12 20:41:21,480][INFO] Epoch [1]: [50176/1000000] (5.02%)	Loss: 0.5402	AUC: 0.6220(0.5539)
[2023-10-12 20:41:21,480][INFO] 	norm attack AUC: 0.9960(0.9885)
[2023-10-12 20:41:21,480][INFO] 	emb attack AUC: 0.5163(0.5222)
[2023-10-12 20:41:22,638][INFO] Epoch [1]: [100352/1000000] (10.04%)	Loss: 0.5827	AUC: 0.6491(0.5931)
[2023-10-12 20:41:22,638][INFO] 	norm attack AUC: 0.9884(0.9909)
[2023-10-12 20:41:22,639][INFO] 	emb attack AUC: 0.5339(0.5211)
[2023-10-12 20:41:23,810][INFO] Epoch [1]: [150528/1000000] (15.05%)	Loss: 0.5223	AUC: 0.6464(0.6092)
[2023-10-12 20:41:23,810][INFO] 	norm attack AUC: 0.9897(0.9913)
[2023-10-12 20:41:23,810][INFO] 	emb attack AUC: 0.5153(0.5209)
[2023-10-12 20:41:25,006][INFO] Epoch [1]: [200704/1000000] (20.07%)	Loss: 0.5312	AUC: 0.6693(0.6191)
[2023-10-12 20:41:25,006][INFO] 	norm attack AUC: 0.9845(0.9915)
[2023-10-12 20:41:25,006][INFO] 	emb attack AUC: 0.5437(0.5204)
[2023-10-12 20:41:26,170][INFO] Epoch [1]: [250880/1000000] (25.09%)	Loss: 0.5623	AUC: 0.6630(0.6253)
[2023-10-12 20:41:26,170][INFO] 	norm attack AUC: 0.9897(0.9915)
[2023-10-12 20:41:26,171][INFO] 	emb attack AUC: 0.5295(0.5212)
[2023-10-12 20:41:27,322][INFO] Epoch [1]: [300032/1000000] (30.00%)	Loss: 0.5348	AUC: 0.6623(0.6304)
[2023-10-12 20:41:27,323][INFO] 	norm attack AUC: 0.9940(0.9915)
[2023-10-12 20:41:27,323][INFO] 	emb attack AUC: 0.5041(0.5215)
[2023-10-12 20:41:28,487][INFO] Epoch [1]: [350208/1000000] (35.02%)	Loss: 0.5484	AUC: 0.6426(0.6340)
[2023-10-12 20:41:28,488][INFO] 	norm attack AUC: 0.9943(0.9917)
[2023-10-12 20:41:28,488][INFO] 	emb attack AUC: 0.5103(0.5213)
[2023-10-12 20:41:29,658][INFO] Epoch [1]: [400384/1000000] (40.04%)	Loss: 0.5363	AUC: 0.6544(0.6363)
[2023-10-12 20:41:29,658][INFO] 	norm attack AUC: 0.9979(0.9918)
[2023-10-12 20:41:29,658][INFO] 	emb attack AUC: 0.5226(0.5213)
[2023-10-12 20:41:30,846][INFO] Epoch [1]: [450560/1000000] (45.06%)	Loss: 0.5306	AUC: 0.6512(0.6391)
[2023-10-12 20:41:30,846][INFO] 	norm attack AUC: 0.9883(0.9916)
[2023-10-12 20:41:30,846][INFO] 	emb attack AUC: 0.5162(0.5213)
[2023-10-12 20:41:32,011][INFO] Epoch [1]: [500736/1000000] (50.07%)	Loss: 0.5214	AUC: 0.6730(0.6420)
[2023-10-12 20:41:32,012][INFO] 	norm attack AUC: 0.9768(0.9915)
[2023-10-12 20:41:32,012][INFO] 	emb attack AUC: 0.5062(0.5215)
[2023-10-12 20:41:33,159][INFO] Epoch [1]: [550912/1000000] (55.09%)	Loss: 0.5319	AUC: 0.6704(0.6442)
[2023-10-12 20:41:33,160][INFO] 	norm attack AUC: 0.9915(0.9914)
[2023-10-12 20:41:33,160][INFO] 	emb attack AUC: 0.5126(0.5215)
[2023-10-12 20:41:34,287][INFO] Epoch [1]: [600064/1000000] (60.01%)	Loss: 0.5235	AUC: 0.6911(0.6459)
[2023-10-12 20:41:34,287][INFO] 	norm attack AUC: 0.9895(0.9914)
[2023-10-12 20:41:34,287][INFO] 	emb attack AUC: 0.5181(0.5215)
[2023-10-12 20:41:35,424][INFO] Epoch [1]: [650240/1000000] (65.02%)	Loss: 0.5305	AUC: 0.6716(0.6471)
[2023-10-12 20:41:35,425][INFO] 	norm attack AUC: 0.9955(0.9913)
[2023-10-12 20:41:35,425][INFO] 	emb attack AUC: 0.5422(0.5213)
[2023-10-12 20:41:36,558][INFO] Epoch [1]: [700416/1000000] (70.04%)	Loss: 0.5482	AUC: 0.6320(0.6486)
[2023-10-12 20:41:36,558][INFO] 	norm attack AUC: 0.9962(0.9913)
[2023-10-12 20:41:36,558][INFO] 	emb attack AUC: 0.5047(0.5213)
[2023-10-12 20:41:37,783][INFO] Epoch [1]: [750592/1000000] (75.06%)	Loss: 0.5526	AUC: 0.6685(0.6500)
[2023-10-12 20:41:37,783][INFO] 	norm attack AUC: 0.9936(0.9911)
[2023-10-12 20:41:37,783][INFO] 	emb attack AUC: 0.5154(0.5215)
[2023-10-12 20:41:38,957][INFO] Epoch [1]: [800768/1000000] (80.08%)	Loss: 0.5542	AUC: 0.6487(0.6512)
[2023-10-12 20:41:38,957][INFO] 	norm attack AUC: 0.9906(0.9912)
[2023-10-12 20:41:38,957][INFO] 	emb attack AUC: 0.5368(0.5216)
[2023-10-12 20:41:40,119][INFO] Epoch [1]: [850944/1000000] (85.09%)	Loss: 0.5023	AUC: 0.6594(0.6520)
[2023-10-12 20:41:40,119][INFO] 	norm attack AUC: 0.9931(0.9913)
[2023-10-12 20:41:40,119][INFO] 	emb attack AUC: 0.5287(0.5216)
[2023-10-12 20:41:41,262][INFO] Epoch [1]: [900096/1000000] (90.01%)	Loss: 0.5265	AUC: 0.6915(0.6527)
[2023-10-12 20:41:41,262][INFO] 	norm attack AUC: 0.9911(0.9914)
[2023-10-12 20:41:41,263][INFO] 	emb attack AUC: 0.5147(0.5215)
[2023-10-12 20:41:42,408][INFO] Epoch [1]: [950272/1000000] (95.03%)	Loss: 0.5368	AUC: 0.6868(0.6534)
[2023-10-12 20:41:42,408][INFO] 	norm attack AUC: 0.9938(0.9914)
[2023-10-12 20:41:42,408][INFO] 	emb attack AUC: 0.5213(0.5218)
[2023-10-12 20:41:43,573][INFO] Epoch [1]: [1000000/1000000] (100.00%)	Loss: 0.4986	AUC: 0.6868(0.6543)
[2023-10-12 20:41:43,574][INFO] 	norm attack AUC: 0.9866(0.9915)
[2023-10-12 20:41:43,574][INFO] 	emb attack AUC: 0.5197(0.5220)
[2023-10-12 20:41:43,574][INFO] 
[2023-10-12 20:41:43,574][INFO] Evaluate model on train set:
[2023-10-12 20:41:45,167][INFO] 	processing data 20%
[2023-10-12 20:41:46,674][INFO] 	processing data 40%
[2023-10-12 20:41:48,134][INFO] 	processing data 60%
[2023-10-12 20:41:49,666][INFO] 	processing data 80%
[2023-10-12 20:41:51,522][INFO] 	processing data 100%
[2023-10-12 20:41:52,680][INFO] Loss: 0.53616	AUC: 0.6685	Accuracy: 0.7461
[2023-10-12 20:41:52,682][INFO] 
[2023-10-12 20:41:52,682][INFO] Evaluate model on test set:
[2023-10-12 20:41:53,060][INFO] 	processing data 20%
[2023-10-12 20:41:53,440][INFO] 	processing data 40%
[2023-10-12 20:41:53,821][INFO] 	processing data 60%
[2023-10-12 20:41:54,199][INFO] 	processing data 80%
[2023-10-12 20:41:54,615][INFO] 	processing data 100%
[2023-10-12 20:41:54,840][INFO] Loss: 0.53694	AUC: 0.6650	Accuracy: 0.7469
[2023-10-12 20:41:54,841][INFO] 
[2023-10-12 20:41:54,841][INFO] Epoch [2 | 5]:   BatchSize = 1024	hostLR = 0.0500000  guestLR = 0.0500000  topLR = 0.0500000
[2023-10-12 20:41:56,291][INFO] Epoch [2]: [50176/1000000] (5.02%)	Loss: 0.5362	AUC: 0.6497(0.6627)
[2023-10-12 20:41:56,292][INFO] 	norm attack AUC: 0.9927(0.9941)
[2023-10-12 20:41:56,292][INFO] 	emb attack AUC: 0.5086(0.5235)
[2023-10-12 20:41:57,411][INFO] Epoch [2]: [100352/1000000] (10.04%)	Loss: 0.5004	AUC: 0.6909(0.6669)
[2023-10-12 20:41:57,411][INFO] 	norm attack AUC: 0.9897(0.9941)
[2023-10-12 20:41:57,413][INFO] 	emb attack AUC: 0.5483(0.5240)
[2023-10-12 20:41:58,540][INFO] Epoch [2]: [150528/1000000] (15.05%)	Loss: 0.5127	AUC: 0.6631(0.6696)
[2023-10-12 20:41:58,540][INFO] 	norm attack AUC: 0.9964(0.9936)
[2023-10-12 20:41:58,540][INFO] 	emb attack AUC: 0.5044(0.5237)
[2023-10-12 20:41:59,675][INFO] Epoch [2]: [200704/1000000] (20.07%)	Loss: 0.5034	AUC: 0.7000(0.6686)
[2023-10-12 20:41:59,675][INFO] 	norm attack AUC: 0.9970(0.9934)
[2023-10-12 20:41:59,675][INFO] 	emb attack AUC: 0.5315(0.5247)
[2023-10-12 20:42:00,814][INFO] Epoch [2]: [250880/1000000] (25.09%)	Loss: 0.5131	AUC: 0.6891(0.6692)
[2023-10-12 20:42:00,814][INFO] 	norm attack AUC: 0.9887(0.9930)
[2023-10-12 20:42:00,814][INFO] 	emb attack AUC: 0.5628(0.5243)
[2023-10-12 20:42:01,993][INFO] Epoch [2]: [300032/1000000] (30.00%)	Loss: 0.5209	AUC: 0.6601(0.6694)
[2023-10-12 20:42:01,993][INFO] 	norm attack AUC: 0.9886(0.9929)
[2023-10-12 20:42:01,993][INFO] 	emb attack AUC: 0.5345(0.5242)
[2023-10-12 20:42:03,156][INFO] Epoch [2]: [350208/1000000] (35.02%)	Loss: 0.5289	AUC: 0.6733(0.6706)
[2023-10-12 20:42:03,156][INFO] 	norm attack AUC: 0.9943(0.9926)
[2023-10-12 20:42:03,156][INFO] 	emb attack AUC: 0.5066(0.5242)
[2023-10-12 20:42:04,305][INFO] Epoch [2]: [400384/1000000] (40.04%)	Loss: 0.5534	AUC: 0.6692(0.6711)
[2023-10-12 20:42:04,305][INFO] 	norm attack AUC: 0.9928(0.9925)
[2023-10-12 20:42:04,306][INFO] 	emb attack AUC: 0.5112(0.5241)
[2023-10-12 20:42:05,463][INFO] Epoch [2]: [450560/1000000] (45.06%)	Loss: 0.5155	AUC: 0.7032(0.6721)
[2023-10-12 20:42:05,464][INFO] 	norm attack AUC: 0.9968(0.9923)
[2023-10-12 20:42:05,464][INFO] 	emb attack AUC: 0.5152(0.5237)
[2023-10-12 20:42:06,628][INFO] Epoch [2]: [500736/1000000] (50.07%)	Loss: 0.5222	AUC: 0.6844(0.6728)
[2023-10-12 20:42:06,628][INFO] 	norm attack AUC: 0.9922(0.9921)
[2023-10-12 20:42:06,628][INFO] 	emb attack AUC: 0.5301(0.5232)
[2023-10-12 20:42:07,794][INFO] Epoch [2]: [550912/1000000] (55.09%)	Loss: 0.5056	AUC: 0.6852(0.6738)
[2023-10-12 20:42:07,795][INFO] 	norm attack AUC: 0.9841(0.9920)
[2023-10-12 20:42:07,795][INFO] 	emb attack AUC: 0.5052(0.5229)
[2023-10-12 20:42:08,958][INFO] Epoch [2]: [600064/1000000] (60.01%)	Loss: 0.5309	AUC: 0.6985(0.6741)
[2023-10-12 20:42:08,959][INFO] 	norm attack AUC: 0.9931(0.9919)
[2023-10-12 20:42:08,959][INFO] 	emb attack AUC: 0.5319(0.5227)
[2023-10-12 20:42:10,122][INFO] Epoch [2]: [650240/1000000] (65.02%)	Loss: 0.4900	AUC: 0.7003(0.6750)
[2023-10-12 20:42:10,122][INFO] 	norm attack AUC: 0.9877(0.9917)
[2023-10-12 20:42:10,123][INFO] 	emb attack AUC: 0.5000(0.5230)
[2023-10-12 20:42:11,290][INFO] Epoch [2]: [700416/1000000] (70.04%)	Loss: 0.5235	AUC: 0.6664(0.6758)
[2023-10-12 20:42:11,290][INFO] 	norm attack AUC: 0.9910(0.9915)
[2023-10-12 20:42:11,290][INFO] 	emb attack AUC: 0.5444(0.5231)
[2023-10-12 20:42:12,480][INFO] Epoch [2]: [750592/1000000] (75.06%)	Loss: 0.5188	AUC: 0.6979(0.6762)
[2023-10-12 20:42:12,480][INFO] 	norm attack AUC: 0.9945(0.9912)
[2023-10-12 20:42:12,480][INFO] 	emb attack AUC: 0.5095(0.5230)
[2023-10-12 20:42:13,635][INFO] Epoch [2]: [800768/1000000] (80.08%)	Loss: 0.5435	AUC: 0.6879(0.6766)
[2023-10-12 20:42:13,636][INFO] 	norm attack AUC: 0.9812(0.9910)
[2023-10-12 20:42:13,636][INFO] 	emb attack AUC: 0.5105(0.5230)
[2023-10-12 20:42:14,846][INFO] Epoch [2]: [850944/1000000] (85.09%)	Loss: 0.4940	AUC: 0.7238(0.6774)
[2023-10-12 20:42:14,847][INFO] 	norm attack AUC: 0.9863(0.9908)
[2023-10-12 20:42:14,847][INFO] 	emb attack AUC: 0.5245(0.5230)
[2023-10-12 20:42:15,985][INFO] Epoch [2]: [900096/1000000] (90.01%)	Loss: 0.5773	AUC: 0.6677(0.6779)
[2023-10-12 20:42:15,985][INFO] 	norm attack AUC: 0.9887(0.9906)
[2023-10-12 20:42:15,985][INFO] 	emb attack AUC: 0.5277(0.5228)
[2023-10-12 20:42:17,164][INFO] Epoch [2]: [950272/1000000] (95.03%)	Loss: 0.5196	AUC: 0.6449(0.6784)
[2023-10-12 20:42:17,164][INFO] 	norm attack AUC: 0.9822(0.9904)
[2023-10-12 20:42:17,164][INFO] 	emb attack AUC: 0.5374(0.5230)
[2023-10-12 20:42:18,360][INFO] Epoch [2]: [1000000/1000000] (100.00%)	Loss: 0.5344	AUC: 0.6513(0.6790)
[2023-10-12 20:42:18,361][INFO] 	norm attack AUC: 0.9890(0.9902)
[2023-10-12 20:42:18,361][INFO] 	emb attack AUC: 0.5131(0.5229)
[2023-10-12 20:42:18,361][INFO] 
[2023-10-12 20:42:18,361][INFO] Evaluate model on train set:
[2023-10-12 20:42:20,058][INFO] 	processing data 20%
[2023-10-12 20:42:21,652][INFO] 	processing data 40%
[2023-10-12 20:42:23,164][INFO] 	processing data 60%
[2023-10-12 20:42:24,858][INFO] 	processing data 80%
[2023-10-12 20:42:26,800][INFO] 	processing data 100%
[2023-10-12 20:42:27,965][INFO] Loss: 0.52401	AUC: 0.6913	Accuracy: 0.7487
[2023-10-12 20:42:27,967][INFO] 
[2023-10-12 20:42:27,967][INFO] Evaluate model on test set:
[2023-10-12 20:42:28,348][INFO] 	processing data 20%
[2023-10-12 20:42:28,708][INFO] 	processing data 40%
[2023-10-12 20:42:29,093][INFO] 	processing data 60%
[2023-10-12 20:42:29,485][INFO] 	processing data 80%
[2023-10-12 20:42:29,884][INFO] 	processing data 100%
[2023-10-12 20:42:30,111][INFO] Loss: 0.52493	AUC: 0.6877	Accuracy: 0.7493
[2023-10-12 20:42:30,112][INFO] 
[2023-10-12 20:42:30,113][INFO] Epoch [3 | 5]:   BatchSize = 1024	hostLR = 0.0500000  guestLR = 0.0500000  topLR = 0.0500000
[2023-10-12 20:42:31,469][INFO] Epoch [3]: [50176/1000000] (5.02%)	Loss: 0.5076	AUC: 0.6676(0.6902)
[2023-10-12 20:42:31,469][INFO] 	norm attack AUC: 0.9915(0.9856)
[2023-10-12 20:42:31,470][INFO] 	emb attack AUC: 0.5129(0.5242)
[2023-10-12 20:42:32,651][INFO] Epoch [3]: [100352/1000000] (10.04%)	Loss: 0.5343	AUC: 0.6940(0.6883)
[2023-10-12 20:42:32,651][INFO] 	norm attack AUC: 0.9927(0.9851)
[2023-10-12 20:42:32,651][INFO] 	emb attack AUC: 0.5081(0.5240)
[2023-10-12 20:42:33,836][INFO] Epoch [3]: [150528/1000000] (15.05%)	Loss: 0.5028	AUC: 0.6956(0.6910)
[2023-10-12 20:42:33,836][INFO] 	norm attack AUC: 0.9783(0.9843)
[2023-10-12 20:42:33,837][INFO] 	emb attack AUC: 0.5142(0.5213)
[2023-10-12 20:42:35,011][INFO] Epoch [3]: [200704/1000000] (20.07%)	Loss: 0.5383	AUC: 0.6805(0.6918)
[2023-10-12 20:42:35,012][INFO] 	norm attack AUC: 0.9898(0.9839)
[2023-10-12 20:42:35,012][INFO] 	emb attack AUC: 0.5184(0.5220)
[2023-10-12 20:42:36,182][INFO] Epoch [3]: [250880/1000000] (25.09%)	Loss: 0.5178	AUC: 0.6992(0.6931)
[2023-10-12 20:42:36,182][INFO] 	norm attack AUC: 0.9831(0.9836)
[2023-10-12 20:42:36,182][INFO] 	emb attack AUC: 0.5280(0.5220)
[2023-10-12 20:42:37,315][INFO] Epoch [3]: [300032/1000000] (30.00%)	Loss: 0.5030	AUC: 0.7156(0.6936)
[2023-10-12 20:42:37,316][INFO] 	norm attack AUC: 0.9850(0.9833)
[2023-10-12 20:42:37,316][INFO] 	emb attack AUC: 0.5012(0.5214)
[2023-10-12 20:42:38,485][INFO] Epoch [3]: [350208/1000000] (35.02%)	Loss: 0.5211	AUC: 0.6930(0.6937)
[2023-10-12 20:42:38,485][INFO] 	norm attack AUC: 0.9882(0.9832)
[2023-10-12 20:42:38,485][INFO] 	emb attack AUC: 0.5086(0.5213)
[2023-10-12 20:42:39,659][INFO] Epoch [3]: [400384/1000000] (40.04%)	Loss: 0.5179	AUC: 0.7127(0.6944)
[2023-10-12 20:42:39,660][INFO] 	norm attack AUC: 0.9908(0.9832)
[2023-10-12 20:42:39,660][INFO] 	emb attack AUC: 0.5209(0.5213)
[2023-10-12 20:42:40,816][INFO] Epoch [3]: [450560/1000000] (45.06%)	Loss: 0.5398	AUC: 0.7081(0.6945)
[2023-10-12 20:42:40,816][INFO] 	norm attack AUC: 0.9812(0.9830)
[2023-10-12 20:42:40,817][INFO] 	emb attack AUC: 0.5020(0.5218)
[2023-10-12 20:42:41,986][INFO] Epoch [3]: [500736/1000000] (50.07%)	Loss: 0.5140	AUC: 0.7204(0.6947)
[2023-10-12 20:42:41,986][INFO] 	norm attack AUC: 0.9408(0.9828)
[2023-10-12 20:42:41,986][INFO] 	emb attack AUC: 0.5314(0.5219)
[2023-10-12 20:42:43,163][INFO] Epoch [3]: [550912/1000000] (55.09%)	Loss: 0.5218	AUC: 0.7231(0.6953)
[2023-10-12 20:42:43,163][INFO] 	norm attack AUC: 0.9729(0.9825)
[2023-10-12 20:42:43,163][INFO] 	emb attack AUC: 0.5059(0.5221)
[2023-10-12 20:42:44,290][INFO] Epoch [3]: [600064/1000000] (60.01%)	Loss: 0.5210	AUC: 0.6738(0.6954)
[2023-10-12 20:42:44,290][INFO] 	norm attack AUC: 0.9851(0.9823)
[2023-10-12 20:42:44,291][INFO] 	emb attack AUC: 0.5306(0.5221)
[2023-10-12 20:42:45,481][INFO] Epoch [3]: [650240/1000000] (65.02%)	Loss: 0.5121	AUC: 0.7144(0.6958)
[2023-10-12 20:42:45,481][INFO] 	norm attack AUC: 0.9628(0.9821)
[2023-10-12 20:42:45,481][INFO] 	emb attack AUC: 0.5473(0.5221)
[2023-10-12 20:42:46,647][INFO] Epoch [3]: [700416/1000000] (70.04%)	Loss: 0.5375	AUC: 0.7042(0.6960)
[2023-10-12 20:42:46,647][INFO] 	norm attack AUC: 0.9750(0.9819)
[2023-10-12 20:42:46,648][INFO] 	emb attack AUC: 0.5173(0.5223)
[2023-10-12 20:42:47,820][INFO] Epoch [3]: [750592/1000000] (75.06%)	Loss: 0.5195	AUC: 0.7074(0.6962)
[2023-10-12 20:42:47,820][INFO] 	norm attack AUC: 0.9764(0.9818)
[2023-10-12 20:42:47,820][INFO] 	emb attack AUC: 0.5006(0.5225)
[2023-10-12 20:42:49,011][INFO] Epoch [3]: [800768/1000000] (80.08%)	Loss: 0.5083	AUC: 0.6929(0.6967)
[2023-10-12 20:42:49,011][INFO] 	norm attack AUC: 0.9818(0.9816)
[2023-10-12 20:42:49,011][INFO] 	emb attack AUC: 0.5304(0.5224)
[2023-10-12 20:42:50,197][INFO] Epoch [3]: [850944/1000000] (85.09%)	Loss: 0.5135	AUC: 0.6956(0.6968)
[2023-10-12 20:42:50,197][INFO] 	norm attack AUC: 0.9866(0.9814)
[2023-10-12 20:42:50,197][INFO] 	emb attack AUC: 0.5189(0.5224)
[2023-10-12 20:42:51,331][INFO] Epoch [3]: [900096/1000000] (90.01%)	Loss: 0.5099	AUC: 0.7085(0.6970)
[2023-10-12 20:42:51,331][INFO] 	norm attack AUC: 0.9844(0.9813)
[2023-10-12 20:42:51,331][INFO] 	emb attack AUC: 0.5291(0.5225)
[2023-10-12 20:42:52,561][INFO] Epoch [3]: [950272/1000000] (95.03%)	Loss: 0.5319	AUC: 0.6802(0.6970)
[2023-10-12 20:42:52,562][INFO] 	norm attack AUC: 0.9781(0.9812)
[2023-10-12 20:42:52,562][INFO] 	emb attack AUC: 0.5237(0.5224)
[2023-10-12 20:42:53,760][INFO] Epoch [3]: [1000000/1000000] (100.00%)	Loss: 0.5000	AUC: 0.7161(0.6972)
[2023-10-12 20:42:53,760][INFO] 	norm attack AUC: 0.9852(0.9810)
[2023-10-12 20:42:53,760][INFO] 	emb attack AUC: 0.5382(0.5224)
[2023-10-12 20:42:53,761][INFO] 
[2023-10-12 20:42:53,761][INFO] Evaluate model on train set:
[2023-10-12 20:42:55,290][INFO] 	processing data 20%
[2023-10-12 20:42:56,839][INFO] 	processing data 40%
[2023-10-12 20:42:58,399][INFO] 	processing data 60%
[2023-10-12 20:43:00,077][INFO] 	processing data 80%
[2023-10-12 20:43:01,926][INFO] 	processing data 100%
[2023-10-12 20:43:03,065][INFO] Loss: 0.51593	AUC: 0.7049	Accuracy: 0.7510
[2023-10-12 20:43:03,067][INFO] 
[2023-10-12 20:43:03,067][INFO] Evaluate model on test set:
[2023-10-12 20:43:03,450][INFO] 	processing data 20%
[2023-10-12 20:43:03,857][INFO] 	processing data 40%
[2023-10-12 20:43:04,213][INFO] 	processing data 60%
[2023-10-12 20:43:04,600][INFO] 	processing data 80%
[2023-10-12 20:43:04,971][INFO] 	processing data 100%
[2023-10-12 20:43:05,193][INFO] Loss: 0.51802	AUC: 0.6992	Accuracy: 0.7514
[2023-10-12 20:43:05,194][INFO] 
[2023-10-12 20:43:05,195][INFO] Epoch [4 | 5]:   BatchSize = 1024	hostLR = 0.0500000  guestLR = 0.0500000  topLR = 0.0500000
[2023-10-12 20:43:06,653][INFO] Epoch [4]: [50176/1000000] (5.02%)	Loss: 0.5251	AUC: 0.6917(0.7048)
[2023-10-12 20:43:06,653][INFO] 	norm attack AUC: 0.9879(0.9781)
[2023-10-12 20:43:06,653][INFO] 	emb attack AUC: 0.5184(0.5226)
[2023-10-12 20:43:07,779][INFO] Epoch [4]: [100352/1000000] (10.04%)	Loss: 0.5128	AUC: 0.7270(0.7032)
[2023-10-12 20:43:07,779][INFO] 	norm attack AUC: 0.9800(0.9781)
[2023-10-12 20:43:07,779][INFO] 	emb attack AUC: 0.5527(0.5225)
[2023-10-12 20:43:08,928][INFO] Epoch [4]: [150528/1000000] (15.05%)	Loss: 0.5168	AUC: 0.7172(0.7047)
[2023-10-12 20:43:08,928][INFO] 	norm attack AUC: 0.9651(0.9777)
[2023-10-12 20:43:08,929][INFO] 	emb attack AUC: 0.5760(0.5235)
[2023-10-12 20:43:10,127][INFO] Epoch [4]: [200704/1000000] (20.07%)	Loss: 0.5338	AUC: 0.6983(0.7045)
[2023-10-12 20:43:10,127][INFO] 	norm attack AUC: 0.9863(0.9775)
[2023-10-12 20:43:10,127][INFO] 	emb attack AUC: 0.5325(0.5227)
[2023-10-12 20:43:11,292][INFO] Epoch [4]: [250880/1000000] (25.09%)	Loss: 0.5127	AUC: 0.7205(0.7045)
[2023-10-12 20:43:11,292][INFO] 	norm attack AUC: 0.9846(0.9771)
[2023-10-12 20:43:11,292][INFO] 	emb attack AUC: 0.5342(0.5222)
[2023-10-12 20:43:12,420][INFO] Epoch [4]: [300032/1000000] (30.00%)	Loss: 0.5425	AUC: 0.6901(0.7042)
[2023-10-12 20:43:12,420][INFO] 	norm attack AUC: 0.9881(0.9772)
[2023-10-12 20:43:12,420][INFO] 	emb attack AUC: 0.5084(0.5228)
[2023-10-12 20:43:13,567][INFO] Epoch [4]: [350208/1000000] (35.02%)	Loss: 0.5058	AUC: 0.7014(0.7049)
[2023-10-12 20:43:13,567][INFO] 	norm attack AUC: 0.9751(0.9768)
[2023-10-12 20:43:13,567][INFO] 	emb attack AUC: 0.5184(0.5228)
[2023-10-12 20:43:14,717][INFO] Epoch [4]: [400384/1000000] (40.04%)	Loss: 0.5166	AUC: 0.7294(0.7055)
[2023-10-12 20:43:14,717][INFO] 	norm attack AUC: 0.9831(0.9764)
[2023-10-12 20:43:14,717][INFO] 	emb attack AUC: 0.5502(0.5227)
[2023-10-12 20:43:15,949][INFO] Epoch [4]: [450560/1000000] (45.06%)	Loss: 0.5198	AUC: 0.7134(0.7059)
[2023-10-12 20:43:15,949][INFO] 	norm attack AUC: 0.9716(0.9763)
[2023-10-12 20:43:15,949][INFO] 	emb attack AUC: 0.5275(0.5228)
[2023-10-12 20:43:17,087][INFO] Epoch [4]: [500736/1000000] (50.07%)	Loss: 0.5363	AUC: 0.6774(0.7061)
[2023-10-12 20:43:17,087][INFO] 	norm attack AUC: 0.9894(0.9761)
[2023-10-12 20:43:17,087][INFO] 	emb attack AUC: 0.5122(0.5231)
[2023-10-12 20:43:18,226][INFO] Epoch [4]: [550912/1000000] (55.09%)	Loss: 0.5025	AUC: 0.6859(0.7062)
[2023-10-12 20:43:18,226][INFO] 	norm attack AUC: 0.9834(0.9759)
[2023-10-12 20:43:18,227][INFO] 	emb attack AUC: 0.5445(0.5229)
[2023-10-12 20:43:19,344][INFO] Epoch [4]: [600064/1000000] (60.01%)	Loss: 0.4963	AUC: 0.7300(0.7069)
[2023-10-12 20:43:19,344][INFO] 	norm attack AUC: 0.9751(0.9758)
[2023-10-12 20:43:19,344][INFO] 	emb attack AUC: 0.5112(0.5229)
[2023-10-12 20:43:20,499][INFO] Epoch [4]: [650240/1000000] (65.02%)	Loss: 0.5096	AUC: 0.7138(0.7070)
[2023-10-12 20:43:20,499][INFO] 	norm attack AUC: 0.9770(0.9757)
[2023-10-12 20:43:20,499][INFO] 	emb attack AUC: 0.5429(0.5229)
[2023-10-12 20:43:21,699][INFO] Epoch [4]: [700416/1000000] (70.04%)	Loss: 0.4945	AUC: 0.7279(0.7075)
[2023-10-12 20:43:21,699][INFO] 	norm attack AUC: 0.9741(0.9756)
[2023-10-12 20:43:21,699][INFO] 	emb attack AUC: 0.5053(0.5228)
[2023-10-12 20:43:22,898][INFO] Epoch [4]: [750592/1000000] (75.06%)	Loss: 0.5103	AUC: 0.7042(0.7077)
[2023-10-12 20:43:22,898][INFO] 	norm attack AUC: 0.9738(0.9753)
[2023-10-12 20:43:22,898][INFO] 	emb attack AUC: 0.5464(0.5228)
[2023-10-12 20:43:24,061][INFO] Epoch [4]: [800768/1000000] (80.08%)	Loss: 0.5378	AUC: 0.7186(0.7075)
[2023-10-12 20:43:24,061][INFO] 	norm attack AUC: 0.9761(0.9752)
[2023-10-12 20:43:24,061][INFO] 	emb attack AUC: 0.5188(0.5227)
[2023-10-12 20:43:25,224][INFO] Epoch [4]: [850944/1000000] (85.09%)	Loss: 0.5173	AUC: 0.7249(0.7077)
[2023-10-12 20:43:25,225][INFO] 	norm attack AUC: 0.9603(0.9752)
[2023-10-12 20:43:25,225][INFO] 	emb attack AUC: 0.5659(0.5227)
[2023-10-12 20:43:26,371][INFO] Epoch [4]: [900096/1000000] (90.01%)	Loss: 0.5150	AUC: 0.7116(0.7077)
[2023-10-12 20:43:26,371][INFO] 	norm attack AUC: 0.9667(0.9750)
[2023-10-12 20:43:26,371][INFO] 	emb attack AUC: 0.5422(0.5226)
[2023-10-12 20:43:27,544][INFO] Epoch [4]: [950272/1000000] (95.03%)	Loss: 0.5006	AUC: 0.7134(0.7077)
[2023-10-12 20:43:27,545][INFO] 	norm attack AUC: 0.9823(0.9749)
[2023-10-12 20:43:27,545][INFO] 	emb attack AUC: 0.5423(0.5226)
[2023-10-12 20:43:28,729][INFO] Epoch [4]: [1000000/1000000] (100.00%)	Loss: 0.5052	AUC: 0.7246(0.7078)
[2023-10-12 20:43:28,729][INFO] 	norm attack AUC: 0.9806(0.9749)
[2023-10-12 20:43:28,729][INFO] 	emb attack AUC: 0.5210(0.5227)
[2023-10-12 20:43:28,730][INFO] 
[2023-10-12 20:43:28,730][INFO] Evaluate model on train set:
[2023-10-12 20:43:30,351][INFO] 	processing data 20%
[2023-10-12 20:43:31,919][INFO] 	processing data 40%
[2023-10-12 20:43:33,488][INFO] 	processing data 60%
[2023-10-12 20:43:35,108][INFO] 	processing data 80%
[2023-10-12 20:43:37,066][INFO] 	processing data 100%
[2023-10-12 20:43:38,201][INFO] Loss: 0.51055	AUC: 0.7141	Accuracy: 0.7534
[2023-10-12 20:43:38,202][INFO] 
[2023-10-12 20:43:38,203][INFO] Evaluate model on test set:
[2023-10-12 20:43:38,577][INFO] 	processing data 20%
[2023-10-12 20:43:38,946][INFO] 	processing data 40%
[2023-10-12 20:43:39,315][INFO] 	processing data 60%
[2023-10-12 20:43:39,667][INFO] 	processing data 80%
[2023-10-12 20:43:40,074][INFO] 	processing data 100%
[2023-10-12 20:43:40,298][INFO] Loss: 0.51396	AUC: 0.7061	Accuracy: 0.7534
[2023-10-12 20:43:40,299][INFO] 
[2023-10-12 20:43:40,299][INFO] Epoch [5 | 5]:   BatchSize = 1024	hostLR = 0.0500000  guestLR = 0.0500000  topLR = 0.0500000
[2023-10-12 20:43:41,662][INFO] Epoch [5]: [50176/1000000] (5.02%)	Loss: 0.5127	AUC: 0.7066(0.7151)
[2023-10-12 20:43:41,662][INFO] 	norm attack AUC: 0.9693(0.9721)
[2023-10-12 20:43:41,662][INFO] 	emb attack AUC: 0.5447(0.5213)
[2023-10-12 20:43:42,825][INFO] Epoch [5]: [100352/1000000] (10.04%)	Loss: 0.5113	AUC: 0.7148(0.7155)
[2023-10-12 20:43:42,825][INFO] 	norm attack AUC: 0.9823(0.9718)
[2023-10-12 20:43:42,825][INFO] 	emb attack AUC: 0.5095(0.5211)
[2023-10-12 20:43:44,015][INFO] Epoch [5]: [150528/1000000] (15.05%)	Loss: 0.5163	AUC: 0.6878(0.7147)
[2023-10-12 20:43:44,016][INFO] 	norm attack AUC: 0.9376(0.9720)
[2023-10-12 20:43:44,016][INFO] 	emb attack AUC: 0.5168(0.5219)
[2023-10-12 20:43:45,172][INFO] Epoch [5]: [200704/1000000] (20.07%)	Loss: 0.5237	AUC: 0.6888(0.7153)
[2023-10-12 20:43:45,172][INFO] 	norm attack AUC: 0.9657(0.9719)
[2023-10-12 20:43:45,172][INFO] 	emb attack AUC: 0.5018(0.5225)
[2023-10-12 20:43:46,315][INFO] Epoch [5]: [250880/1000000] (25.09%)	Loss: 0.5064	AUC: 0.7021(0.7137)
[2023-10-12 20:43:46,316][INFO] 	norm attack AUC: 0.9840(0.9723)
[2023-10-12 20:43:46,316][INFO] 	emb attack AUC: 0.5052(0.5221)
[2023-10-12 20:43:47,467][INFO] Epoch [5]: [300032/1000000] (30.00%)	Loss: 0.4928	AUC: 0.7213(0.7137)
[2023-10-12 20:43:47,467][INFO] 	norm attack AUC: 0.9605(0.9720)
[2023-10-12 20:43:47,468][INFO] 	emb attack AUC: 0.5040(0.5222)
[2023-10-12 20:43:48,617][INFO] Epoch [5]: [350208/1000000] (35.02%)	Loss: 0.5032	AUC: 0.7358(0.7137)
[2023-10-12 20:43:48,617][INFO] 	norm attack AUC: 0.9666(0.9719)
[2023-10-12 20:43:48,617][INFO] 	emb attack AUC: 0.5318(0.5219)
[2023-10-12 20:43:49,775][INFO] Epoch [5]: [400384/1000000] (40.04%)	Loss: 0.5088	AUC: 0.7445(0.7138)
[2023-10-12 20:43:49,775][INFO] 	norm attack AUC: 0.9929(0.9715)
[2023-10-12 20:43:49,775][INFO] 	emb attack AUC: 0.5741(0.5219)
[2023-10-12 20:43:50,949][INFO] Epoch [5]: [450560/1000000] (45.06%)	Loss: 0.5076	AUC: 0.7191(0.7140)
[2023-10-12 20:43:50,950][INFO] 	norm attack AUC: 0.9450(0.9715)
[2023-10-12 20:43:50,950][INFO] 	emb attack AUC: 0.5302(0.5223)
[2023-10-12 20:43:52,127][INFO] Epoch [5]: [500736/1000000] (50.07%)	Loss: 0.5046	AUC: 0.7020(0.7143)
[2023-10-12 20:43:52,127][INFO] 	norm attack AUC: 0.9656(0.9714)
[2023-10-12 20:43:52,127][INFO] 	emb attack AUC: 0.5223(0.5222)
[2023-10-12 20:43:53,362][INFO] Epoch [5]: [550912/1000000] (55.09%)	Loss: 0.5204	AUC: 0.7202(0.7142)
[2023-10-12 20:43:53,363][INFO] 	norm attack AUC: 0.9780(0.9713)
[2023-10-12 20:43:53,363][INFO] 	emb attack AUC: 0.5377(0.5221)
[2023-10-12 20:43:54,472][INFO] Epoch [5]: [600064/1000000] (60.01%)	Loss: 0.5111	AUC: 0.7066(0.7143)
[2023-10-12 20:43:54,472][INFO] 	norm attack AUC: 0.9540(0.9712)
[2023-10-12 20:43:54,472][INFO] 	emb attack AUC: 0.5401(0.5219)
[2023-10-12 20:43:55,647][INFO] Epoch [5]: [650240/1000000] (65.02%)	Loss: 0.5010	AUC: 0.7264(0.7143)
[2023-10-12 20:43:55,647][INFO] 	norm attack AUC: 0.9449(0.9710)
[2023-10-12 20:43:55,648][INFO] 	emb attack AUC: 0.5076(0.5220)
[2023-10-12 20:43:56,809][INFO] Epoch [5]: [700416/1000000] (70.04%)	Loss: 0.5104	AUC: 0.6992(0.7144)
[2023-10-12 20:43:56,809][INFO] 	norm attack AUC: 0.9720(0.9710)
[2023-10-12 20:43:56,809][INFO] 	emb attack AUC: 0.5002(0.5224)
[2023-10-12 20:43:58,001][INFO] Epoch [5]: [750592/1000000] (75.06%)	Loss: 0.5097	AUC: 0.7272(0.7146)
[2023-10-12 20:43:58,001][INFO] 	norm attack AUC: 0.9790(0.9710)
[2023-10-12 20:43:58,001][INFO] 	emb attack AUC: 0.5183(0.5225)
[2023-10-12 20:43:59,154][INFO] Epoch [5]: [800768/1000000] (80.08%)	Loss: 0.5435	AUC: 0.6869(0.7147)
[2023-10-12 20:43:59,155][INFO] 	norm attack AUC: 0.9855(0.9709)
[2023-10-12 20:43:59,155][INFO] 	emb attack AUC: 0.5141(0.5222)
[2023-10-12 20:44:00,386][INFO] Epoch [5]: [850944/1000000] (85.09%)	Loss: 0.5214	AUC: 0.7447(0.7149)
[2023-10-12 20:44:00,386][INFO] 	norm attack AUC: 0.9679(0.9706)
[2023-10-12 20:44:00,386][INFO] 	emb attack AUC: 0.5287(0.5223)
[2023-10-12 20:44:01,540][INFO] Epoch [5]: [900096/1000000] (90.01%)	Loss: 0.5216	AUC: 0.6972(0.7148)
[2023-10-12 20:44:01,540][INFO] 	norm attack AUC: 0.9661(0.9705)
[2023-10-12 20:44:01,541][INFO] 	emb attack AUC: 0.5129(0.5224)
[2023-10-12 20:44:02,703][INFO] Epoch [5]: [950272/1000000] (95.03%)	Loss: 0.5366	AUC: 0.7022(0.7149)
[2023-10-12 20:44:02,703][INFO] 	norm attack AUC: 0.9715(0.9706)
[2023-10-12 20:44:02,703][INFO] 	emb attack AUC: 0.5143(0.5225)
[2023-10-12 20:44:03,913][INFO] Epoch [5]: [1000000/1000000] (100.00%)	Loss: 0.5075	AUC: 0.7123(0.7150)
[2023-10-12 20:44:03,913][INFO] 	norm attack AUC: 0.9762(0.9706)
[2023-10-12 20:44:03,913][INFO] 	emb attack AUC: 0.5067(0.5222)
[2023-10-12 20:44:03,914][INFO] 
[2023-10-12 20:44:03,914][INFO] Evaluate model on train set:
[2023-10-12 20:44:05,508][INFO] 	processing data 20%
[2023-10-12 20:44:07,114][INFO] 	processing data 40%
[2023-10-12 20:44:08,760][INFO] 	processing data 60%
[2023-10-12 20:44:10,475][INFO] 	processing data 80%
[2023-10-12 20:44:12,478][INFO] 	processing data 100%
[2023-10-12 20:44:13,727][INFO] Loss: 0.50753	AUC: 0.7209	Accuracy: 0.7551
[2023-10-12 20:44:13,728][INFO] 
[2023-10-12 20:44:13,729][INFO] Evaluate model on test set:
[2023-10-12 20:44:14,165][INFO] 	processing data 20%
[2023-10-12 20:44:14,580][INFO] 	processing data 40%
[2023-10-12 20:44:14,983][INFO] 	processing data 60%
[2023-10-12 20:44:15,326][INFO] 	processing data 80%
[2023-10-12 20:44:15,685][INFO] 	processing data 100%
[2023-10-12 20:44:15,915][INFO] Loss: 0.51207	AUC: 0.7106	Accuracy: 0.7552
[2023-10-12 20:44:15,915][INFO] 
[2023-10-12 20:44:15,916][INFO] >>> Saving model...
[2023-10-12 20:44:18,203][INFO] The model is saved in ./results/criteo/criteo.pth
