[2023-10-12 18:05:40,759][INFO] vFL config:
[2023-10-12 18:05:40,760][INFO] [dataset]
[2023-10-12 18:05:40,760][INFO]     name = criteo
[2023-10-12 18:05:40,760][INFO]     guestcols = I1,I2,I3,I4,I5,I6,I7,C1,C2,C3,C4,C5,C6,C7,C8,C9,C10,C11,C12,C13
[2023-10-12 18:05:40,760][INFO]     hostcols = I8,I9,I10,I11,I12,I13,C14,C15,C16,C17,C18,C19,C20,C21,C22,C23,C24,C25,C26
[2023-10-12 18:05:40,760][INFO]     guestdensenum = 7
[2023-10-12 18:05:40,760][INFO]     guestsparsenum = 13
[2023-10-12 18:05:40,760][INFO]     hostdensenum = 6
[2023-10-12 18:05:40,760][INFO]     hostsparsenum = 13
[2023-10-12 18:05:40,760][INFO]     embeddingsize = 8
[2023-10-12 18:05:40,761][INFO]     bottomfcdim = 512,256
[2023-10-12 18:05:40,761][INFO]     embeddingdim = 128
[2023-10-12 18:05:40,761][INFO]     topfcdim = 1
[2023-10-12 18:05:40,761][INFO] [training]
[2023-10-12 18:05:40,761][INFO]     epoch = 5
[2023-10-12 18:05:40,761][INFO]     learningrate = 0.05
[2023-10-12 18:05:40,761][INFO]     batchsize = 1024
[2023-10-12 18:05:40,761][INFO]     device = cuda
[2023-10-12 18:05:40,761][INFO]     usemaloptimizer = 0
[2023-10-12 18:05:40,762][INFO]     printinterval = 5
[2023-10-12 18:05:40,762][INFO] [privacy]
[2023-10-12 18:05:40,762][INFO]     normattack = 1
[2023-10-12 18:05:40,762][INFO]     embattack = 1
[2023-10-12 18:05:40,762][INFO]     modelcompletion = 1
[2023-10-12 18:05:40,762][INFO]     mcnlabeled = 200
[2023-10-12 18:05:40,762][INFO]     mcbatch = 16
[2023-10-12 18:05:40,762][INFO]     mclr = 1e-3
[2023-10-12 18:05:40,763][INFO]     mcepochs = 5
[2023-10-12 18:05:40,763][INFO]     mciter = 1024
[2023-10-12 18:05:40,763][INFO]     mcalpha = 0.75
[2023-10-12 18:05:40,763][INFO]     mclambdau = 50
[2023-10-12 18:05:40,763][INFO]     mct = 0.8
[2023-10-12 18:05:40,763][INFO]     mcemadecay = 0.999
[2023-10-12 18:05:40,764][INFO]     dcorloss = 1
[2023-10-12 18:05:40,764][INFO]     dcorcoef = 0.01
[2023-10-12 18:05:40,764][INFO]     labelconfusion = 0
[2023-10-12 18:05:40,764][INFO] >>> Prepare for vFL training...
[2023-10-12 18:05:40,842][INFO] Note: NumExpr detected 16 cores but "NUMEXPR_MAX_THREADS" not set, so enforcing safe limit of 8.
[2023-10-12 18:05:40,842][INFO] NumExpr defaulting to 8 threads.
[2023-10-12 18:05:43,553][INFO] train set: 1000000
[2023-10-12 18:05:44,079][INFO] test set: 200000
[2023-10-12 18:05:44,314][INFO] host_bottom_model:
HostBottomModel(
  (embed_part): Embed(
    (embed_layers): ModuleDict(
      (embed_0): Embedding(26, 8)
      (embed_1): Embedding(9239, 8)
      (embed_2): Embedding(239685, 8)
      (embed_3): Embedding(10, 8)
      (embed_4): Embedding(3988, 8)
      (embed_5): Embedding(1886, 8)
      (embed_6): Embedding(4, 8)
      (embed_7): Embedding(281580, 8)
      (embed_8): Embedding(16, 8)
      (embed_9): Embedding(15, 8)
      (embed_10): Embedding(45510, 8)
      (embed_11): Embedding(72, 8)
      (embed_12): Embedding(33803, 8)
    )
  )
  (deep_part): Deep(
    (dnn): ModuleList(
      (0): Linear(in_features=110, out_features=512, bias=True)
      (1): Linear(in_features=512, out_features=256, bias=True)
      (2): Linear(in_features=256, out_features=64, bias=True)
    )
    (dropout): Dropout(p=0.0, inplace=False)
    (relu): ReLU()
  )
)
[2023-10-12 18:05:44,316][INFO] guest_bottom_model:
GuestBottomModel(
  (wide_embed): Embed(
    (embed_layers): ModuleDict(
      (embed_0): Embedding(1293, 8)
      (embed_1): Embedding(532, 8)
      (embed_2): Embedding(378254, 8)
      (embed_3): Embedding(137941, 8)
      (embed_4): Embedding(273, 8)
      (embed_5): Embedding(16, 8)
      (embed_6): Embedding(11011, 8)
      (embed_7): Embedding(574, 8)
      (embed_8): Embedding(3, 8)
      (embed_9): Embedding(32997, 8)
      (embed_10): Embedding(4776, 8)
      (embed_11): Embedding(314932, 8)
      (embed_12): Embedding(3072, 8)
    )
  )
  (deep_embed): Embed(
    (embed_layers): ModuleDict(
      (embed_0): Embedding(1293, 8)
      (embed_1): Embedding(532, 8)
      (embed_2): Embedding(378254, 8)
      (embed_3): Embedding(137941, 8)
      (embed_4): Embedding(273, 8)
      (embed_5): Embedding(16, 8)
      (embed_6): Embedding(11011, 8)
      (embed_7): Embedding(574, 8)
      (embed_8): Embedding(3, 8)
      (embed_9): Embedding(32997, 8)
      (embed_10): Embedding(4776, 8)
      (embed_11): Embedding(314932, 8)
      (embed_12): Embedding(3072, 8)
    )
  )
  (wide_sparse_part): Wide(
    (fc): Linear(in_features=104, out_features=1, bias=True)
  )
  (wide_dense_part): Wide(
    (fc): Linear(in_features=7, out_features=1, bias=True)
  )
  (deep_part): Deep(
    (dnn): ModuleList(
      (0): Linear(in_features=111, out_features=512, bias=True)
      (1): Linear(in_features=512, out_features=256, bias=True)
      (2): Linear(in_features=256, out_features=64, bias=True)
    )
    (dropout): Dropout(p=0.0, inplace=False)
    (relu): ReLU()
  )
)
[2023-10-12 18:05:44,317][INFO] guest_top_model:
GuestTopModel(
  (deep_part): Deep(
    (dnn): ModuleList(
      (0): Linear(in_features=128, out_features=1, bias=True)
    )
    (dropout): Dropout(p=0.0, inplace=False)
    (relu): ReLU()
  )
  (relu): ReLU()
)
[2023-10-12 18:05:44,318][INFO] 
[2023-10-12 18:05:44,319][INFO] >>> vFL training and evaluating starts...
[2023-10-12 18:05:44,319][INFO] 
[2023-10-12 18:05:44,319][INFO] Epoch [1 | 5]:   BatchSize = 1024	hostLR = 0.0500000  guestLR = 0.0500000  topLR = 0.0500000
[2023-10-12 18:05:46,355][INFO] Epoch [1]: [50176/1000000] (5.02%)	Loss: 0.5169	AUC: 0.6329(0.5823)
[2023-10-12 18:05:46,356][INFO] 	norm attack AUC: 1.0000(0.9998)
[2023-10-12 18:05:46,356][INFO] 	emb attack AUC: 0.5703(0.5249)
[2023-10-12 18:05:48,181][INFO] Epoch [1]: [100352/1000000] (10.04%)	Loss: 0.5019	AUC: 0.6070(0.6057)
[2023-10-12 18:05:48,181][INFO] 	norm attack AUC: 1.0000(0.9998)
[2023-10-12 18:05:48,181][INFO] 	emb attack AUC: 0.5453(0.5250)
[2023-10-12 18:05:50,004][INFO] Epoch [1]: [150528/1000000] (15.05%)	Loss: 0.4918	AUC: 0.6453(0.6191)
[2023-10-12 18:05:50,005][INFO] 	norm attack AUC: 0.9962(0.9997)
[2023-10-12 18:05:50,005][INFO] 	emb attack AUC: 0.5289(0.5247)
[2023-10-12 18:05:51,841][INFO] Epoch [1]: [200704/1000000] (20.07%)	Loss: 0.4957	AUC: 0.6842(0.6267)
[2023-10-12 18:05:51,841][INFO] 	norm attack AUC: 0.9979(0.9997)
[2023-10-12 18:05:51,842][INFO] 	emb attack AUC: 0.5242(0.5252)
[2023-10-12 18:05:53,596][INFO] Epoch [1]: [250880/1000000] (25.09%)	Loss: 0.4863	AUC: 0.6667(0.6315)
[2023-10-12 18:05:53,596][INFO] 	norm attack AUC: 1.0000(0.9997)
[2023-10-12 18:05:53,597][INFO] 	emb attack AUC: 0.5163(0.5242)
[2023-10-12 18:05:55,288][INFO] Epoch [1]: [300032/1000000] (30.00%)	Loss: 0.5060	AUC: 0.6618(0.6353)
[2023-10-12 18:05:55,288][INFO] 	norm attack AUC: 1.0000(0.9997)
[2023-10-12 18:05:55,288][INFO] 	emb attack AUC: 0.5380(0.5246)
[2023-10-12 18:05:57,014][INFO] Epoch [1]: [350208/1000000] (35.02%)	Loss: 0.4800	AUC: 0.6745(0.6388)
[2023-10-12 18:05:57,015][INFO] 	norm attack AUC: 1.0000(0.9997)
[2023-10-12 18:05:57,015][INFO] 	emb attack AUC: 0.5027(0.5244)
[2023-10-12 18:05:58,755][INFO] Epoch [1]: [400384/1000000] (40.04%)	Loss: 0.4875	AUC: 0.6466(0.6413)
[2023-10-12 18:05:58,755][INFO] 	norm attack AUC: 1.0000(0.9997)
[2023-10-12 18:05:58,756][INFO] 	emb attack AUC: 0.5288(0.5249)
[2023-10-12 18:06:00,554][INFO] Epoch [1]: [450560/1000000] (45.06%)	Loss: 0.5418	AUC: 0.6512(0.6436)
[2023-10-12 18:06:00,555][INFO] 	norm attack AUC: 1.0000(0.9997)
[2023-10-12 18:06:00,555][INFO] 	emb attack AUC: 0.5140(0.5249)
[2023-10-12 18:06:02,316][INFO] Epoch [1]: [500736/1000000] (50.07%)	Loss: 0.5140	AUC: 0.6525(0.6453)
[2023-10-12 18:06:02,316][INFO] 	norm attack AUC: 1.0000(0.9996)
[2023-10-12 18:06:02,316][INFO] 	emb attack AUC: 0.5315(0.5252)
[2023-10-12 18:06:04,100][INFO] Epoch [1]: [550912/1000000] (55.09%)	Loss: 0.4919	AUC: 0.6770(0.6468)
[2023-10-12 18:06:04,100][INFO] 	norm attack AUC: 1.0000(0.9996)
[2023-10-12 18:06:04,100][INFO] 	emb attack AUC: 0.5415(0.5254)
[2023-10-12 18:06:05,815][INFO] Epoch [1]: [600064/1000000] (60.01%)	Loss: 0.5145	AUC: 0.6416(0.6480)
[2023-10-12 18:06:05,815][INFO] 	norm attack AUC: 1.0000(0.9997)
[2023-10-12 18:06:05,815][INFO] 	emb attack AUC: 0.5249(0.5253)
[2023-10-12 18:06:07,550][INFO] Epoch [1]: [650240/1000000] (65.02%)	Loss: 0.5006	AUC: 0.6439(0.6495)
[2023-10-12 18:06:07,551][INFO] 	norm attack AUC: 1.0000(0.9997)
[2023-10-12 18:06:07,551][INFO] 	emb attack AUC: 0.5407(0.5251)
[2023-10-12 18:06:09,278][INFO] Epoch [1]: [700416/1000000] (70.04%)	Loss: 0.5177	AUC: 0.6663(0.6506)
[2023-10-12 18:06:09,278][INFO] 	norm attack AUC: 0.9962(0.9996)
[2023-10-12 18:06:09,278][INFO] 	emb attack AUC: 0.5485(0.5250)
[2023-10-12 18:06:11,049][INFO] Epoch [1]: [750592/1000000] (75.06%)	Loss: 0.4981	AUC: 0.6761(0.6518)
[2023-10-12 18:06:11,049][INFO] 	norm attack AUC: 1.0000(0.9996)
[2023-10-12 18:06:11,049][INFO] 	emb attack AUC: 0.5362(0.5250)
[2023-10-12 18:06:12,765][INFO] Epoch [1]: [800768/1000000] (80.08%)	Loss: 0.4798	AUC: 0.6943(0.6530)
[2023-10-12 18:06:12,765][INFO] 	norm attack AUC: 1.0000(0.9996)
[2023-10-12 18:06:12,766][INFO] 	emb attack AUC: 0.5757(0.5252)
[2023-10-12 18:06:14,526][INFO] Epoch [1]: [850944/1000000] (85.09%)	Loss: 0.4869	AUC: 0.7059(0.6539)
[2023-10-12 18:06:14,527][INFO] 	norm attack AUC: 0.9962(0.9996)
[2023-10-12 18:06:14,527][INFO] 	emb attack AUC: 0.5249(0.5249)
[2023-10-12 18:06:16,258][INFO] Epoch [1]: [900096/1000000] (90.01%)	Loss: 0.5143	AUC: 0.6589(0.6548)
[2023-10-12 18:06:16,258][INFO] 	norm attack AUC: 1.0000(0.9996)
[2023-10-12 18:06:16,258][INFO] 	emb attack AUC: 0.5307(0.5248)
[2023-10-12 18:06:18,016][INFO] Epoch [1]: [950272/1000000] (95.03%)	Loss: 0.5091	AUC: 0.6342(0.6553)
[2023-10-12 18:06:18,016][INFO] 	norm attack AUC: 1.0000(0.9996)
[2023-10-12 18:06:18,017][INFO] 	emb attack AUC: 0.5255(0.5249)
[2023-10-12 18:06:19,792][INFO] Epoch [1]: [1000000/1000000] (100.00%)	Loss: 0.4938	AUC: 0.7232(0.6560)
[2023-10-12 18:06:19,792][INFO] 	norm attack AUC: 1.0000(0.9996)
[2023-10-12 18:06:19,792][INFO] 	emb attack AUC: 0.6003(0.5249)
[2023-10-12 18:06:19,793][INFO] 
[2023-10-12 18:06:19,793][INFO] Evaluate model on train set:
[2023-10-12 18:06:21,384][INFO] 	processing data 20%
[2023-10-12 18:06:22,925][INFO] 	processing data 40%
[2023-10-12 18:06:24,398][INFO] 	processing data 60%
[2023-10-12 18:06:25,957][INFO] 	processing data 80%
[2023-10-12 18:06:27,665][INFO] 	processing data 100%
[2023-10-12 18:06:28,813][INFO] Loss: 0.53594	AUC: 0.6710	Accuracy: 0.7461
[2023-10-12 18:06:28,814][INFO] 
[2023-10-12 18:06:28,814][INFO] Evaluate model on test set:
[2023-10-12 18:06:29,229][INFO] 	processing data 20%
[2023-10-12 18:06:29,615][INFO] 	processing data 40%
[2023-10-12 18:06:29,998][INFO] 	processing data 60%
[2023-10-12 18:06:30,378][INFO] 	processing data 80%
[2023-10-12 18:06:30,804][INFO] 	processing data 100%
[2023-10-12 18:06:31,030][INFO] Loss: 0.53648	AUC: 0.6679	Accuracy: 0.7469
[2023-10-12 18:06:31,031][INFO] 
[2023-10-12 18:06:31,031][INFO] Epoch [2 | 5]:   BatchSize = 1024	hostLR = 0.0500000  guestLR = 0.0500000  topLR = 0.0500000
[2023-10-12 18:06:33,182][INFO] Epoch [2]: [50176/1000000] (5.02%)	Loss: 0.5132	AUC: 0.6495(0.6713)
[2023-10-12 18:06:33,183][INFO] 	norm attack AUC: 1.0000(0.9997)
[2023-10-12 18:06:33,183][INFO] 	emb attack AUC: 0.5184(0.5292)
[2023-10-12 18:06:34,907][INFO] Epoch [2]: [100352/1000000] (10.04%)	Loss: 0.5028	AUC: 0.6563(0.6725)
[2023-10-12 18:06:34,907][INFO] 	norm attack AUC: 1.0000(0.9995)
[2023-10-12 18:06:34,907][INFO] 	emb attack AUC: 0.5424(0.5283)
[2023-10-12 18:06:36,671][INFO] Epoch [2]: [150528/1000000] (15.05%)	Loss: 0.4970	AUC: 0.6869(0.6731)
[2023-10-12 18:06:36,671][INFO] 	norm attack AUC: 1.0000(0.9995)
[2023-10-12 18:06:36,671][INFO] 	emb attack AUC: 0.5308(0.5269)
[2023-10-12 18:06:38,437][INFO] Epoch [2]: [200704/1000000] (20.07%)	Loss: 0.5030	AUC: 0.6729(0.6741)
[2023-10-12 18:06:38,437][INFO] 	norm attack AUC: 1.0000(0.9995)
[2023-10-12 18:06:38,437][INFO] 	emb attack AUC: 0.5143(0.5257)
[2023-10-12 18:06:40,189][INFO] Epoch [2]: [250880/1000000] (25.09%)	Loss: 0.5153	AUC: 0.6581(0.6746)
[2023-10-12 18:06:40,189][INFO] 	norm attack AUC: 1.0000(0.9996)
[2023-10-12 18:06:40,190][INFO] 	emb attack AUC: 0.5334(0.5265)
[2023-10-12 18:06:41,954][INFO] Epoch [2]: [300032/1000000] (30.00%)	Loss: 0.4939	AUC: 0.6632(0.6749)
[2023-10-12 18:06:41,954][INFO] 	norm attack AUC: 1.0000(0.9996)
[2023-10-12 18:06:41,955][INFO] 	emb attack AUC: 0.5340(0.5259)
[2023-10-12 18:06:43,705][INFO] Epoch [2]: [350208/1000000] (35.02%)	Loss: 0.4809	AUC: 0.7051(0.6758)
[2023-10-12 18:06:43,705][INFO] 	norm attack AUC: 1.0000(0.9996)
[2023-10-12 18:06:43,705][INFO] 	emb attack AUC: 0.5446(0.5263)
[2023-10-12 18:06:45,449][INFO] Epoch [2]: [400384/1000000] (40.04%)	Loss: 0.4615	AUC: 0.6985(0.6762)
[2023-10-12 18:06:45,449][INFO] 	norm attack AUC: 0.9976(0.9996)
[2023-10-12 18:06:45,450][INFO] 	emb attack AUC: 0.5273(0.5264)
[2023-10-12 18:06:47,166][INFO] Epoch [2]: [450560/1000000] (45.06%)	Loss: 0.4739	AUC: 0.6721(0.6765)
[2023-10-12 18:06:47,166][INFO] 	norm attack AUC: 1.0000(0.9996)
[2023-10-12 18:06:47,167][INFO] 	emb attack AUC: 0.5370(0.5258)
[2023-10-12 18:06:48,888][INFO] Epoch [2]: [500736/1000000] (50.07%)	Loss: 0.4716	AUC: 0.6759(0.6770)
[2023-10-12 18:06:48,889][INFO] 	norm attack AUC: 1.0000(0.9996)
[2023-10-12 18:06:48,889][INFO] 	emb attack AUC: 0.5065(0.5258)
[2023-10-12 18:06:50,603][INFO] Epoch [2]: [550912/1000000] (55.09%)	Loss: 0.4986	AUC: 0.6868(0.6778)
[2023-10-12 18:06:50,603][INFO] 	norm attack AUC: 1.0000(0.9996)
[2023-10-12 18:06:50,603][INFO] 	emb attack AUC: 0.5248(0.5256)
[2023-10-12 18:06:52,342][INFO] Epoch [2]: [600064/1000000] (60.01%)	Loss: 0.5089	AUC: 0.6501(0.6779)
[2023-10-12 18:06:52,342][INFO] 	norm attack AUC: 1.0000(0.9996)
[2023-10-12 18:06:52,342][INFO] 	emb attack AUC: 0.5422(0.5255)
[2023-10-12 18:06:54,078][INFO] Epoch [2]: [650240/1000000] (65.02%)	Loss: 0.4712	AUC: 0.6803(0.6783)
[2023-10-12 18:06:54,078][INFO] 	norm attack AUC: 1.0000(0.9996)
[2023-10-12 18:06:54,078][INFO] 	emb attack AUC: 0.5145(0.5253)
[2023-10-12 18:06:55,815][INFO] Epoch [2]: [700416/1000000] (70.04%)	Loss: 0.5061	AUC: 0.6871(0.6787)
[2023-10-12 18:06:55,815][INFO] 	norm attack AUC: 1.0000(0.9996)
[2023-10-12 18:06:55,816][INFO] 	emb attack AUC: 0.5243(0.5252)
[2023-10-12 18:06:57,567][INFO] Epoch [2]: [750592/1000000] (75.06%)	Loss: 0.4513	AUC: 0.7110(0.6794)
[2023-10-12 18:06:57,567][INFO] 	norm attack AUC: 1.0000(0.9996)
[2023-10-12 18:06:57,568][INFO] 	emb attack AUC: 0.5363(0.5252)
[2023-10-12 18:06:59,353][INFO] Epoch [2]: [800768/1000000] (80.08%)	Loss: 0.4879	AUC: 0.6469(0.6799)
[2023-10-12 18:06:59,353][INFO] 	norm attack AUC: 1.0000(0.9996)
[2023-10-12 18:06:59,353][INFO] 	emb attack AUC: 0.5036(0.5252)
[2023-10-12 18:07:01,161][INFO] Epoch [2]: [850944/1000000] (85.09%)	Loss: 0.4978	AUC: 0.6592(0.6802)
[2023-10-12 18:07:01,161][INFO] 	norm attack AUC: 1.0000(0.9996)
[2023-10-12 18:07:01,161][INFO] 	emb attack AUC: 0.5124(0.5250)
[2023-10-12 18:07:02,865][INFO] Epoch [2]: [900096/1000000] (90.01%)	Loss: 0.4760	AUC: 0.6661(0.6809)
[2023-10-12 18:07:02,865][INFO] 	norm attack AUC: 1.0000(0.9997)
[2023-10-12 18:07:02,865][INFO] 	emb attack AUC: 0.5190(0.5250)
[2023-10-12 18:07:04,591][INFO] Epoch [2]: [950272/1000000] (95.03%)	Loss: 0.4740	AUC: 0.7133(0.6815)
[2023-10-12 18:07:04,591][INFO] 	norm attack AUC: 0.9962(0.9997)
[2023-10-12 18:07:04,592][INFO] 	emb attack AUC: 0.5213(0.5251)
[2023-10-12 18:07:06,351][INFO] Epoch [2]: [1000000/1000000] (100.00%)	Loss: 0.4657	AUC: 0.7435(0.6821)
[2023-10-12 18:07:06,351][INFO] 	norm attack AUC: 0.9999(0.9997)
[2023-10-12 18:07:06,351][INFO] 	emb attack AUC: 0.5460(0.5253)
[2023-10-12 18:07:06,352][INFO] 
[2023-10-12 18:07:06,352][INFO] Evaluate model on train set:
[2023-10-12 18:07:07,951][INFO] 	processing data 20%
[2023-10-12 18:07:09,470][INFO] 	processing data 40%
[2023-10-12 18:07:11,062][INFO] 	processing data 60%
[2023-10-12 18:07:12,644][INFO] 	processing data 80%
[2023-10-12 18:07:14,445][INFO] 	processing data 100%
[2023-10-12 18:07:15,582][INFO] Loss: 0.52473	AUC: 0.6934	Accuracy: 0.7485
[2023-10-12 18:07:15,583][INFO] 
[2023-10-12 18:07:15,583][INFO] Evaluate model on test set:
[2023-10-12 18:07:15,985][INFO] 	processing data 20%
[2023-10-12 18:07:16,385][INFO] 	processing data 40%
[2023-10-12 18:07:16,775][INFO] 	processing data 60%
[2023-10-12 18:07:17,160][INFO] 	processing data 80%
[2023-10-12 18:07:17,540][INFO] 	processing data 100%
[2023-10-12 18:07:17,766][INFO] Loss: 0.52555	AUC: 0.6893	Accuracy: 0.7493
[2023-10-12 18:07:17,767][INFO] 
[2023-10-12 18:07:17,767][INFO] Epoch [3 | 5]:   BatchSize = 1024	hostLR = 0.0500000  guestLR = 0.0500000  topLR = 0.0500000
[2023-10-12 18:07:19,763][INFO] Epoch [3]: [50176/1000000] (5.02%)	Loss: 0.4858	AUC: 0.7214(0.6912)
[2023-10-12 18:07:19,764][INFO] 	norm attack AUC: 0.9998(0.9997)
[2023-10-12 18:07:19,764][INFO] 	emb attack AUC: 0.5102(0.5240)
[2023-10-12 18:07:21,527][INFO] Epoch [3]: [100352/1000000] (10.04%)	Loss: 0.4910	AUC: 0.6988(0.6910)
[2023-10-12 18:07:21,528][INFO] 	norm attack AUC: 0.9999(0.9997)
[2023-10-12 18:07:21,528][INFO] 	emb attack AUC: 0.5153(0.5239)
[2023-10-12 18:07:23,258][INFO] Epoch [3]: [150528/1000000] (15.05%)	Loss: 0.4832	AUC: 0.6771(0.6920)
[2023-10-12 18:07:23,258][INFO] 	norm attack AUC: 1.0000(0.9997)
[2023-10-12 18:07:23,258][INFO] 	emb attack AUC: 0.5699(0.5250)
[2023-10-12 18:07:24,985][INFO] Epoch [3]: [200704/1000000] (20.07%)	Loss: 0.4859	AUC: 0.6655(0.6912)
[2023-10-12 18:07:24,985][INFO] 	norm attack AUC: 0.9993(0.9997)
[2023-10-12 18:07:24,985][INFO] 	emb attack AUC: 0.5116(0.5242)
[2023-10-12 18:07:26,714][INFO] Epoch [3]: [250880/1000000] (25.09%)	Loss: 0.4730	AUC: 0.7145(0.6924)
[2023-10-12 18:07:26,714][INFO] 	norm attack AUC: 0.9994(0.9997)
[2023-10-12 18:07:26,714][INFO] 	emb attack AUC: 0.5790(0.5241)
[2023-10-12 18:07:28,401][INFO] Epoch [3]: [300032/1000000] (30.00%)	Loss: 0.4958	AUC: 0.7036(0.6932)
[2023-10-12 18:07:28,402][INFO] 	norm attack AUC: 1.0000(0.9997)
[2023-10-12 18:07:28,402][INFO] 	emb attack AUC: 0.5334(0.5238)
[2023-10-12 18:07:30,124][INFO] Epoch [3]: [350208/1000000] (35.02%)	Loss: 0.4729	AUC: 0.7092(0.6934)
[2023-10-12 18:07:30,124][INFO] 	norm attack AUC: 0.9998(0.9997)
[2023-10-12 18:07:30,124][INFO] 	emb attack AUC: 0.5011(0.5241)
[2023-10-12 18:07:31,915][INFO] Epoch [3]: [400384/1000000] (40.04%)	Loss: 0.4945	AUC: 0.6922(0.6943)
[2023-10-12 18:07:31,915][INFO] 	norm attack AUC: 1.0000(0.9997)
[2023-10-12 18:07:31,916][INFO] 	emb attack AUC: 0.5108(0.5247)
[2023-10-12 18:07:33,676][INFO] Epoch [3]: [450560/1000000] (45.06%)	Loss: 0.4908	AUC: 0.6824(0.6954)
[2023-10-12 18:07:33,677][INFO] 	norm attack AUC: 1.0000(0.9997)
[2023-10-12 18:07:33,677][INFO] 	emb attack AUC: 0.5054(0.5246)
[2023-10-12 18:07:35,424][INFO] Epoch [3]: [500736/1000000] (50.07%)	Loss: 0.4889	AUC: 0.6767(0.6957)
[2023-10-12 18:07:35,425][INFO] 	norm attack AUC: 0.9962(0.9997)
[2023-10-12 18:07:35,425][INFO] 	emb attack AUC: 0.5187(0.5243)
[2023-10-12 18:07:37,147][INFO] Epoch [3]: [550912/1000000] (55.09%)	Loss: 0.4780	AUC: 0.6894(0.6963)
[2023-10-12 18:07:37,148][INFO] 	norm attack AUC: 1.0000(0.9996)
[2023-10-12 18:07:37,148][INFO] 	emb attack AUC: 0.5190(0.5242)
[2023-10-12 18:07:38,831][INFO] Epoch [3]: [600064/1000000] (60.01%)	Loss: 0.4819	AUC: 0.6913(0.6966)
[2023-10-12 18:07:38,831][INFO] 	norm attack AUC: 1.0000(0.9996)
[2023-10-12 18:07:38,831][INFO] 	emb attack AUC: 0.5207(0.5243)
[2023-10-12 18:07:40,603][INFO] Epoch [3]: [650240/1000000] (65.02%)	Loss: 0.4933	AUC: 0.7163(0.6968)
[2023-10-12 18:07:40,604][INFO] 	norm attack AUC: 0.9991(0.9996)
[2023-10-12 18:07:40,604][INFO] 	emb attack AUC: 0.5720(0.5243)
[2023-10-12 18:07:42,322][INFO] Epoch [3]: [700416/1000000] (70.04%)	Loss: 0.4713	AUC: 0.7037(0.6972)
[2023-10-12 18:07:42,322][INFO] 	norm attack AUC: 1.0000(0.9996)
[2023-10-12 18:07:42,323][INFO] 	emb attack AUC: 0.5121(0.5240)
[2023-10-12 18:07:44,063][INFO] Epoch [3]: [750592/1000000] (75.06%)	Loss: 0.4873	AUC: 0.7014(0.6977)
[2023-10-12 18:07:44,063][INFO] 	norm attack AUC: 0.9997(0.9996)
[2023-10-12 18:07:44,064][INFO] 	emb attack AUC: 0.5420(0.5244)
[2023-10-12 18:07:45,830][INFO] Epoch [3]: [800768/1000000] (80.08%)	Loss: 0.4584	AUC: 0.6962(0.6980)
[2023-10-12 18:07:45,831][INFO] 	norm attack AUC: 0.9997(0.9996)
[2023-10-12 18:07:45,831][INFO] 	emb attack AUC: 0.5035(0.5244)
[2023-10-12 18:07:47,584][INFO] Epoch [3]: [850944/1000000] (85.09%)	Loss: 0.4922	AUC: 0.6842(0.6984)
[2023-10-12 18:07:47,584][INFO] 	norm attack AUC: 0.9996(0.9996)
[2023-10-12 18:07:47,584][INFO] 	emb attack AUC: 0.5152(0.5245)
[2023-10-12 18:07:49,292][INFO] Epoch [3]: [900096/1000000] (90.01%)	Loss: 0.4772	AUC: 0.7097(0.6988)
[2023-10-12 18:07:49,292][INFO] 	norm attack AUC: 1.0000(0.9996)
[2023-10-12 18:07:49,292][INFO] 	emb attack AUC: 0.5311(0.5248)
[2023-10-12 18:07:51,070][INFO] Epoch [3]: [950272/1000000] (95.03%)	Loss: 0.4778	AUC: 0.7159(0.6988)
[2023-10-12 18:07:51,070][INFO] 	norm attack AUC: 0.9996(0.9996)
[2023-10-12 18:07:51,070][INFO] 	emb attack AUC: 0.5639(0.5247)
[2023-10-12 18:07:52,807][INFO] Epoch [3]: [1000000/1000000] (100.00%)	Loss: 0.5075	AUC: 0.6977(0.6991)
[2023-10-12 18:07:52,807][INFO] 	norm attack AUC: 0.9960(0.9996)
[2023-10-12 18:07:52,807][INFO] 	emb attack AUC: 0.5198(0.5246)
[2023-10-12 18:07:52,808][INFO] 
[2023-10-12 18:07:52,808][INFO] Evaluate model on train set:
[2023-10-12 18:07:54,377][INFO] 	processing data 20%
[2023-10-12 18:07:55,925][INFO] 	processing data 40%
[2023-10-12 18:07:57,489][INFO] 	processing data 60%
[2023-10-12 18:07:59,027][INFO] 	processing data 80%
[2023-10-12 18:08:00,699][INFO] 	processing data 100%
[2023-10-12 18:08:01,840][INFO] Loss: 0.51563	AUC: 0.7070	Accuracy: 0.7496
[2023-10-12 18:08:01,841][INFO] 
[2023-10-12 18:08:01,841][INFO] Evaluate model on test set:
[2023-10-12 18:08:02,222][INFO] 	processing data 20%
[2023-10-12 18:08:02,631][INFO] 	processing data 40%
[2023-10-12 18:08:03,002][INFO] 	processing data 60%
[2023-10-12 18:08:03,386][INFO] 	processing data 80%
[2023-10-12 18:08:03,767][INFO] 	processing data 100%
[2023-10-12 18:08:03,990][INFO] Loss: 0.51789	AUC: 0.7008	Accuracy: 0.7502
[2023-10-12 18:08:03,991][INFO] 
[2023-10-12 18:08:03,991][INFO] Epoch [4 | 5]:   BatchSize = 1024	hostLR = 0.0500000  guestLR = 0.0500000  topLR = 0.0500000
[2023-10-12 18:08:05,976][INFO] Epoch [4]: [50176/1000000] (5.02%)	Loss: 0.4682	AUC: 0.7042(0.7033)
[2023-10-12 18:08:05,976][INFO] 	norm attack AUC: 1.0000(0.9996)
[2023-10-12 18:08:05,976][INFO] 	emb attack AUC: 0.5207(0.5229)
[2023-10-12 18:08:07,729][INFO] Epoch [4]: [100352/1000000] (10.04%)	Loss: 0.4762	AUC: 0.7020(0.7053)
[2023-10-12 18:08:07,729][INFO] 	norm attack AUC: 0.9993(0.9994)
[2023-10-12 18:08:07,729][INFO] 	emb attack AUC: 0.5347(0.5226)
[2023-10-12 18:08:09,466][INFO] Epoch [4]: [150528/1000000] (15.05%)	Loss: 0.4592	AUC: 0.7197(0.7048)
[2023-10-12 18:08:09,466][INFO] 	norm attack AUC: 0.9999(0.9994)
[2023-10-12 18:08:09,466][INFO] 	emb attack AUC: 0.5229(0.5249)
[2023-10-12 18:08:11,230][INFO] Epoch [4]: [200704/1000000] (20.07%)	Loss: 0.4644	AUC: 0.6900(0.7055)
[2023-10-12 18:08:11,230][INFO] 	norm attack AUC: 0.9994(0.9994)
[2023-10-12 18:08:11,230][INFO] 	emb attack AUC: 0.5016(0.5243)
[2023-10-12 18:08:12,973][INFO] Epoch [4]: [250880/1000000] (25.09%)	Loss: 0.4662	AUC: 0.7103(0.7059)
[2023-10-12 18:08:12,973][INFO] 	norm attack AUC: 0.9993(0.9993)
[2023-10-12 18:08:12,974][INFO] 	emb attack AUC: 0.5065(0.5245)
[2023-10-12 18:08:14,679][INFO] Epoch [4]: [300032/1000000] (30.00%)	Loss: 0.4669	AUC: 0.7165(0.7062)
[2023-10-12 18:08:14,679][INFO] 	norm attack AUC: 0.9967(0.9993)
[2023-10-12 18:08:14,679][INFO] 	emb attack AUC: 0.5116(0.5244)
[2023-10-12 18:08:16,401][INFO] Epoch [4]: [350208/1000000] (35.02%)	Loss: 0.4994	AUC: 0.7003(0.7069)
[2023-10-12 18:08:16,401][INFO] 	norm attack AUC: 0.9995(0.9993)
[2023-10-12 18:08:16,401][INFO] 	emb attack AUC: 0.5119(0.5240)
[2023-10-12 18:08:18,126][INFO] Epoch [4]: [400384/1000000] (40.04%)	Loss: 0.5097	AUC: 0.6944(0.7069)
[2023-10-12 18:08:18,126][INFO] 	norm attack AUC: 0.9997(0.9993)
[2023-10-12 18:08:18,127][INFO] 	emb attack AUC: 0.5262(0.5245)
[2023-10-12 18:08:19,881][INFO] Epoch [4]: [450560/1000000] (45.06%)	Loss: 0.4695	AUC: 0.7284(0.7074)
[2023-10-12 18:08:19,882][INFO] 	norm attack AUC: 1.0000(0.9992)
[2023-10-12 18:08:19,882][INFO] 	emb attack AUC: 0.5214(0.5245)
[2023-10-12 18:08:21,585][INFO] Epoch [4]: [500736/1000000] (50.07%)	Loss: 0.4764	AUC: 0.7028(0.7071)
[2023-10-12 18:08:21,585][INFO] 	norm attack AUC: 0.9975(0.9992)
[2023-10-12 18:08:21,585][INFO] 	emb attack AUC: 0.5040(0.5246)
[2023-10-12 18:08:23,321][INFO] Epoch [4]: [550912/1000000] (55.09%)	Loss: 0.4790	AUC: 0.7003(0.7070)
[2023-10-12 18:08:23,321][INFO] 	norm attack AUC: 0.9999(0.9992)
[2023-10-12 18:08:23,321][INFO] 	emb attack AUC: 0.5574(0.5247)
[2023-10-12 18:08:24,999][INFO] Epoch [4]: [600064/1000000] (60.01%)	Loss: 0.4843	AUC: 0.7301(0.7071)
[2023-10-12 18:08:24,999][INFO] 	norm attack AUC: 0.9991(0.9992)
[2023-10-12 18:08:24,999][INFO] 	emb attack AUC: 0.5076(0.5250)
[2023-10-12 18:08:26,725][INFO] Epoch [4]: [650240/1000000] (65.02%)	Loss: 0.4619	AUC: 0.7385(0.7072)
[2023-10-12 18:08:26,726][INFO] 	norm attack AUC: 0.9986(0.9992)
[2023-10-12 18:08:26,726][INFO] 	emb attack AUC: 0.5644(0.5251)
[2023-10-12 18:08:28,465][INFO] Epoch [4]: [700416/1000000] (70.04%)	Loss: 0.4549	AUC: 0.7266(0.7074)
[2023-10-12 18:08:28,465][INFO] 	norm attack AUC: 0.9993(0.9992)
[2023-10-12 18:08:28,466][INFO] 	emb attack AUC: 0.5360(0.5249)
[2023-10-12 18:08:30,264][INFO] Epoch [4]: [750592/1000000] (75.06%)	Loss: 0.4582	AUC: 0.7070(0.7079)
[2023-10-12 18:08:30,264][INFO] 	norm attack AUC: 0.9993(0.9991)
[2023-10-12 18:08:30,265][INFO] 	emb attack AUC: 0.5477(0.5249)
[2023-10-12 18:08:31,995][INFO] Epoch [4]: [800768/1000000] (80.08%)	Loss: 0.4395	AUC: 0.7532(0.7082)
[2023-10-12 18:08:31,996][INFO] 	norm attack AUC: 0.9999(0.9991)
[2023-10-12 18:08:31,996][INFO] 	emb attack AUC: 0.5023(0.5247)
[2023-10-12 18:08:33,751][INFO] Epoch [4]: [850944/1000000] (85.09%)	Loss: 0.4857	AUC: 0.7015(0.7083)
[2023-10-12 18:08:33,751][INFO] 	norm attack AUC: 0.9998(0.9991)
[2023-10-12 18:08:33,751][INFO] 	emb attack AUC: 0.5413(0.5249)
[2023-10-12 18:08:35,455][INFO] Epoch [4]: [900096/1000000] (90.01%)	Loss: 0.4802	AUC: 0.6947(0.7086)
[2023-10-12 18:08:35,455][INFO] 	norm attack AUC: 0.9994(0.9991)
[2023-10-12 18:08:35,455][INFO] 	emb attack AUC: 0.5027(0.5249)
[2023-10-12 18:08:37,191][INFO] Epoch [4]: [950272/1000000] (95.03%)	Loss: 0.5004	AUC: 0.6854(0.7085)
[2023-10-12 18:08:37,191][INFO] 	norm attack AUC: 0.9945(0.9990)
[2023-10-12 18:08:37,191][INFO] 	emb attack AUC: 0.5190(0.5248)
[2023-10-12 18:08:38,977][INFO] Epoch [4]: [1000000/1000000] (100.00%)	Loss: 0.4802	AUC: 0.6871(0.7087)
[2023-10-12 18:08:38,977][INFO] 	norm attack AUC: 0.9990(0.9990)
[2023-10-12 18:08:38,977][INFO] 	emb attack AUC: 0.5425(0.5248)
[2023-10-12 18:08:38,978][INFO] 
[2023-10-12 18:08:38,978][INFO] Evaluate model on train set:
[2023-10-12 18:08:40,634][INFO] 	processing data 20%
[2023-10-12 18:08:42,199][INFO] 	processing data 40%
[2023-10-12 18:08:43,825][INFO] 	processing data 60%
[2023-10-12 18:08:45,394][INFO] 	processing data 80%
[2023-10-12 18:08:47,217][INFO] 	processing data 100%
[2023-10-12 18:08:48,364][INFO] Loss: 0.51274	AUC: 0.7147	Accuracy: 0.7491
[2023-10-12 18:08:48,365][INFO] 
[2023-10-12 18:08:48,366][INFO] Evaluate model on test set:
[2023-10-12 18:08:48,746][INFO] 	processing data 20%
[2023-10-12 18:08:49,136][INFO] 	processing data 40%
[2023-10-12 18:08:49,526][INFO] 	processing data 60%
[2023-10-12 18:08:49,936][INFO] 	processing data 80%
[2023-10-12 18:08:50,352][INFO] 	processing data 100%
[2023-10-12 18:08:50,579][INFO] Loss: 0.51589	AUC: 0.7069	Accuracy: 0.7501
[2023-10-12 18:08:50,580][INFO] 
[2023-10-12 18:08:50,580][INFO] Epoch [5 | 5]:   BatchSize = 1024	hostLR = 0.0500000  guestLR = 0.0500000  topLR = 0.0500000
[2023-10-12 18:08:52,534][INFO] Epoch [5]: [50176/1000000] (5.02%)	Loss: 0.4977	AUC: 0.6522(0.7102)
[2023-10-12 18:08:52,535][INFO] 	norm attack AUC: 0.9996(0.9984)
[2023-10-12 18:08:52,535][INFO] 	emb attack AUC: 0.5205(0.5259)
[2023-10-12 18:08:54,280][INFO] Epoch [5]: [100352/1000000] (10.04%)	Loss: 0.4420	AUC: 0.7360(0.7149)
[2023-10-12 18:08:54,280][INFO] 	norm attack AUC: 0.9991(0.9984)
[2023-10-12 18:08:54,281][INFO] 	emb attack AUC: 0.5393(0.5253)
[2023-10-12 18:08:56,030][INFO] Epoch [5]: [150528/1000000] (15.05%)	Loss: 0.4956	AUC: 0.7217(0.7163)
[2023-10-12 18:08:56,031][INFO] 	norm attack AUC: 0.9918(0.9981)
[2023-10-12 18:08:56,031][INFO] 	emb attack AUC: 0.5606(0.5251)
[2023-10-12 18:08:57,778][INFO] Epoch [5]: [200704/1000000] (20.07%)	Loss: 0.4716	AUC: 0.7148(0.7153)
[2023-10-12 18:08:57,778][INFO] 	norm attack AUC: 0.9996(0.9981)
[2023-10-12 18:08:57,778][INFO] 	emb attack AUC: 0.5225(0.5238)
[2023-10-12 18:08:59,540][INFO] Epoch [5]: [250880/1000000] (25.09%)	Loss: 0.4577	AUC: 0.7151(0.7135)
[2023-10-12 18:08:59,540][INFO] 	norm attack AUC: 0.9991(0.9982)
[2023-10-12 18:08:59,540][INFO] 	emb attack AUC: 0.5273(0.5234)
[2023-10-12 18:09:01,300][INFO] Epoch [5]: [300032/1000000] (30.00%)	Loss: 0.4608	AUC: 0.7159(0.7136)
[2023-10-12 18:09:01,301][INFO] 	norm attack AUC: 0.9991(0.9982)
[2023-10-12 18:09:01,301][INFO] 	emb attack AUC: 0.5229(0.5231)
[2023-10-12 18:09:03,033][INFO] Epoch [5]: [350208/1000000] (35.02%)	Loss: 0.4665	AUC: 0.7240(0.7145)
[2023-10-12 18:09:03,033][INFO] 	norm attack AUC: 0.9959(0.9980)
[2023-10-12 18:09:03,033][INFO] 	emb attack AUC: 0.5364(0.5231)
[2023-10-12 18:09:04,783][INFO] Epoch [5]: [400384/1000000] (40.04%)	Loss: 0.4730	AUC: 0.7332(0.7150)
[2023-10-12 18:09:04,783][INFO] 	norm attack AUC: 0.9988(0.9979)
[2023-10-12 18:09:04,783][INFO] 	emb attack AUC: 0.5045(0.5235)
[2023-10-12 18:09:06,550][INFO] Epoch [5]: [450560/1000000] (45.06%)	Loss: 0.4355	AUC: 0.7396(0.7151)
[2023-10-12 18:09:06,550][INFO] 	norm attack AUC: 0.9978(0.9978)
[2023-10-12 18:09:06,551][INFO] 	emb attack AUC: 0.5009(0.5232)
[2023-10-12 18:09:08,296][INFO] Epoch [5]: [500736/1000000] (50.07%)	Loss: 0.4904	AUC: 0.6958(0.7150)
[2023-10-12 18:09:08,296][INFO] 	norm attack AUC: 0.9972(0.9977)
[2023-10-12 18:09:08,296][INFO] 	emb attack AUC: 0.5451(0.5238)
[2023-10-12 18:09:10,080][INFO] Epoch [5]: [550912/1000000] (55.09%)	Loss: 0.4839	AUC: 0.7114(0.7154)
[2023-10-12 18:09:10,081][INFO] 	norm attack AUC: 0.9961(0.9976)
[2023-10-12 18:09:10,081][INFO] 	emb attack AUC: 0.5275(0.5242)
[2023-10-12 18:09:11,795][INFO] Epoch [5]: [600064/1000000] (60.01%)	Loss: 0.4813	AUC: 0.7069(0.7152)
[2023-10-12 18:09:11,796][INFO] 	norm attack AUC: 0.9922(0.9976)
[2023-10-12 18:09:11,796][INFO] 	emb attack AUC: 0.5396(0.5244)
[2023-10-12 18:09:13,572][INFO] Epoch [5]: [650240/1000000] (65.02%)	Loss: 0.4597	AUC: 0.7167(0.7152)
[2023-10-12 18:09:13,572][INFO] 	norm attack AUC: 0.9989(0.9976)
[2023-10-12 18:09:13,573][INFO] 	emb attack AUC: 0.5262(0.5246)
[2023-10-12 18:09:15,366][INFO] Epoch [5]: [700416/1000000] (70.04%)	Loss: 0.4679	AUC: 0.7176(0.7152)
[2023-10-12 18:09:15,367][INFO] 	norm attack AUC: 0.9986(0.9975)
[2023-10-12 18:09:15,367][INFO] 	emb attack AUC: 0.5168(0.5244)
[2023-10-12 18:09:17,116][INFO] Epoch [5]: [750592/1000000] (75.06%)	Loss: 0.4444	AUC: 0.7384(0.7152)
[2023-10-12 18:09:17,116][INFO] 	norm attack AUC: 0.9976(0.9975)
[2023-10-12 18:09:17,116][INFO] 	emb attack AUC: 0.5252(0.5246)
[2023-10-12 18:09:18,857][INFO] Epoch [5]: [800768/1000000] (80.08%)	Loss: 0.4749	AUC: 0.7280(0.7153)
[2023-10-12 18:09:18,857][INFO] 	norm attack AUC: 0.9970(0.9975)
[2023-10-12 18:09:18,857][INFO] 	emb attack AUC: 0.5062(0.5244)
[2023-10-12 18:09:20,616][INFO] Epoch [5]: [850944/1000000] (85.09%)	Loss: 0.4568	AUC: 0.7166(0.7152)
[2023-10-12 18:09:20,617][INFO] 	norm attack AUC: 0.9984(0.9974)
[2023-10-12 18:09:20,617][INFO] 	emb attack AUC: 0.5513(0.5247)
[2023-10-12 18:09:22,313][INFO] Epoch [5]: [900096/1000000] (90.01%)	Loss: 0.4987	AUC: 0.6735(0.7153)
[2023-10-12 18:09:22,314][INFO] 	norm attack AUC: 0.9999(0.9974)
[2023-10-12 18:09:22,314][INFO] 	emb attack AUC: 0.5138(0.5246)
[2023-10-12 18:09:24,052][INFO] Epoch [5]: [950272/1000000] (95.03%)	Loss: 0.4611	AUC: 0.7389(0.7156)
[2023-10-12 18:09:24,052][INFO] 	norm attack AUC: 0.9969(0.9973)
[2023-10-12 18:09:24,053][INFO] 	emb attack AUC: 0.5005(0.5246)
[2023-10-12 18:09:25,813][INFO] Epoch [5]: [1000000/1000000] (100.00%)	Loss: 0.4762	AUC: 0.6813(0.7154)
[2023-10-12 18:09:25,814][INFO] 	norm attack AUC: 0.9934(0.9972)
[2023-10-12 18:09:25,814][INFO] 	emb attack AUC: 0.5411(0.5245)
[2023-10-12 18:09:25,814][INFO] 
[2023-10-12 18:09:25,814][INFO] Evaluate model on train set:
[2023-10-12 18:09:27,417][INFO] 	processing data 20%
[2023-10-12 18:09:29,028][INFO] 	processing data 40%
[2023-10-12 18:09:30,522][INFO] 	processing data 60%
[2023-10-12 18:09:32,107][INFO] 	processing data 80%
[2023-10-12 18:09:33,862][INFO] 	processing data 100%
[2023-10-12 18:09:34,995][INFO] Loss: 0.50733	AUC: 0.7212	Accuracy: 0.7502
[2023-10-12 18:09:34,996][INFO] 
[2023-10-12 18:09:34,996][INFO] Evaluate model on test set:
[2023-10-12 18:09:35,399][INFO] 	processing data 20%
[2023-10-12 18:09:35,785][INFO] 	processing data 40%
[2023-10-12 18:09:36,169][INFO] 	processing data 60%
[2023-10-12 18:09:36,548][INFO] 	processing data 80%
[2023-10-12 18:09:36,903][INFO] 	processing data 100%
[2023-10-12 18:09:37,130][INFO] Loss: 0.51174	AUC: 0.7109	Accuracy: 0.7510
[2023-10-12 18:09:37,130][INFO] 
[2023-10-12 18:09:37,131][INFO] >>> Saving model...
[2023-10-12 18:09:39,486][INFO] The model is saved in ./results/criteo/criteo_dcor=0.01.pth
