[2023-10-12 20:44:18,204][INFO] 
[2023-10-12 20:44:18,204][INFO] >>> Model completion...
[2023-10-12 20:44:18,205][INFO] model completion config:
[2023-10-12 20:44:18,205][INFO] [dataset]
[2023-10-12 20:44:18,205][INFO]     name = criteo
[2023-10-12 20:44:18,205][INFO]     guestcols = I1,I2,I3,I4,I5,I6,I7,C1,C2,C3,C4,C5,C6,C7,C8,C9,C10,C11,C12,C13
[2023-10-12 20:44:18,206][INFO]     hostcols = I8,I9,I10,I11,I12,I13,C14,C15,C16,C17,C18,C19,C20,C21,C22,C23,C24,C25,C26
[2023-10-12 20:44:18,206][INFO]     guestdensenum = 7
[2023-10-12 20:44:18,206][INFO]     guestsparsenum = 13
[2023-10-12 20:44:18,206][INFO]     hostdensenum = 6
[2023-10-12 20:44:18,207][INFO]     hostsparsenum = 13
[2023-10-12 20:44:18,207][INFO]     embeddingsize = 8
[2023-10-12 20:44:18,207][INFO]     bottomfcdim = 512,256
[2023-10-12 20:44:18,207][INFO]     embeddingdim = 128
[2023-10-12 20:44:18,207][INFO]     topfcdim = 1
[2023-10-12 20:44:18,207][INFO] [training]
[2023-10-12 20:44:18,207][INFO]     epoch = 5
[2023-10-12 20:44:18,207][INFO]     learningrate = 0.05
[2023-10-12 20:44:18,207][INFO]     batchsize = 1024
[2023-10-12 20:44:18,208][INFO]     device = cuda
[2023-10-12 20:44:18,208][INFO]     usemaloptimizer = 0
[2023-10-12 20:44:18,208][INFO]     printinterval = 5
[2023-10-12 20:44:18,208][INFO] [privacy]
[2023-10-12 20:44:18,208][INFO]     normattack = 1
[2023-10-12 20:44:18,208][INFO]     embattack = 1
[2023-10-12 20:44:18,208][INFO]     modelcompletion = 1
[2023-10-12 20:44:18,208][INFO]     mcnlabeled = 200
[2023-10-12 20:44:18,208][INFO]     mcbatch = 16
[2023-10-12 20:44:18,209][INFO]     mclr = 1e-3
[2023-10-12 20:44:18,209][INFO]     mcepochs = 5
[2023-10-12 20:44:18,209][INFO]     mciter = 1024
[2023-10-12 20:44:18,209][INFO]     mcalpha = 0.75
[2023-10-12 20:44:18,209][INFO]     mclambdau = 50
[2023-10-12 20:44:18,209][INFO]     mct = 0.8
[2023-10-12 20:44:18,209][INFO]     mcemadecay = 0.999
[2023-10-12 20:44:18,209][INFO]     dcorloss = 0
[2023-10-12 20:44:18,210][INFO]     dcorcoef = 0.01
[2023-10-12 20:44:18,210][INFO]     labelconfusion = 0
[2023-10-12 20:44:20,693][INFO] train set: 1000000
[2023-10-12 20:44:21,220][INFO] test set: 200000
[2023-10-12 20:44:23,977][INFO] #Labeled: 200    #Unlabeled: 999800
[2023-10-12 20:44:26,604][INFO] 
[2023-10-12 20:44:26,605][INFO] Epoch: [1 | 5] LR: 0.001000
[2023-10-12 20:44:26,751][INFO] batch_idx: 0 loss: 0.6868002414703369
[2023-10-12 20:44:28,978][INFO] batch_idx: 250 loss: 0.6702306415455275
[2023-10-12 20:44:31,004][INFO] batch_idx: 500 loss: 0.6697837611634336
[2023-10-12 20:44:32,985][INFO] batch_idx: 750 loss: 0.6730155981333056
[2023-10-12 20:44:34,904][INFO] batch_idx: 1000 loss: 0.6764590068832859
[2023-10-12 20:44:35,082][INFO] ---Label inference on complete training dataset:
[2023-10-12 20:44:57,495][INFO] Dataset Overall Statistics:
[2023-10-12 20:44:57,496][INFO]   precision: 0.4267023605723091 recall: 0.3762178730352833 F1: 0.19993649156449736
[2023-10-12 20:44:57,496][INFO]   accuracy: 0.712638, auc: 0.6548922065183704
[2023-10-12 20:44:57,496][INFO] ---Label inference on complete testing dataset:
[2023-10-12 20:45:01,853][INFO] Dataset Overall Statistics:
[2023-10-12 20:45:01,854][INFO]   precision: 0.4247011964253242 recall: 0.3768083662276581 F1: 0.19966195216718127
[2023-10-12 20:45:01,854][INFO]   accuracy: 0.712125, auc: 0.6539467837986289
[2023-10-12 20:45:01,854][INFO] 
[2023-10-12 20:45:01,854][INFO] Epoch: [2 | 5] LR: 0.001000
[2023-10-12 20:45:01,887][INFO] batch_idx: 0 loss: 0.8255699276924133
[2023-10-12 20:45:03,936][INFO] batch_idx: 250 loss: 0.6996476856835809
[2023-10-12 20:45:05,810][INFO] batch_idx: 500 loss: 0.7098599608072977
[2023-10-12 20:45:07,656][INFO] batch_idx: 750 loss: 0.7189407425618838
[2023-10-12 20:45:09,501][INFO] batch_idx: 1000 loss: 0.7290679674286704
[2023-10-12 20:45:09,676][INFO] ---Label inference on complete training dataset:
[2023-10-12 20:45:32,467][INFO] Dataset Overall Statistics:
[2023-10-12 20:45:32,467][INFO]   precision: 0.3390522009894764 recall: 0.6510406722558254 F1: 0.22294552241193338
[2023-10-12 20:45:32,467][INFO]   accuracy: 0.588233, auc: 0.6539512330914987
[2023-10-12 20:45:32,468][INFO] ---Label inference on complete testing dataset:
[2023-10-12 20:45:36,869][INFO] Dataset Overall Statistics:
[2023-10-12 20:45:36,870][INFO]   precision: 0.3363655236633136 recall: 0.6500541708696764 F1: 0.221666105011843
[2023-10-12 20:45:36,870][INFO]   accuracy: 0.585765, auc: 0.6528111708318985
[2023-10-12 20:45:36,870][INFO] 
[2023-10-12 20:45:36,871][INFO] Epoch: [3 | 5] LR: 0.001000
[2023-10-12 20:45:36,904][INFO] batch_idx: 0 loss: 0.6921295523643494
[2023-10-12 20:45:38,974][INFO] batch_idx: 250 loss: 0.7669089374789204
[2023-10-12 20:45:40,855][INFO] batch_idx: 500 loss: 0.7769194582622209
[2023-10-12 20:45:42,844][INFO] batch_idx: 750 loss: 0.7814642631420283
[2023-10-12 20:45:44,873][INFO] batch_idx: 1000 loss: 0.8004561619206028
[2023-10-12 20:45:45,057][INFO] ---Label inference on complete training dataset:
[2023-10-12 20:46:07,632][INFO] Dataset Overall Statistics:
[2023-10-12 20:46:07,632][INFO]   precision: 0.3262404819878423 recall: 0.6418860047663137 F1: 0.21630355376217442
[2023-10-12 20:46:07,633][INFO]   accuracy: 0.57152, auc: 0.6372574051429203
[2023-10-12 20:46:07,633][INFO] ---Label inference on complete testing dataset:
[2023-10-12 20:46:12,084][INFO] Dataset Overall Statistics:
[2023-10-12 20:46:12,084][INFO]   precision: 0.32377974831030265 recall: 0.6420581696975245 F1: 0.21523842531884668
[2023-10-12 20:46:12,084][INFO]   accuracy: 0.56911, auc: 0.6362314375687804
[2023-10-12 20:46:12,085][INFO] 
[2023-10-12 20:46:12,085][INFO] Epoch: [4 | 5] LR: 0.001000
[2023-10-12 20:46:12,117][INFO] batch_idx: 0 loss: 1.033418893814087
[2023-10-12 20:46:14,288][INFO] batch_idx: 250 loss: 0.8532139314598296
[2023-10-12 20:46:16,204][INFO] batch_idx: 500 loss: 0.8596978945408514
[2023-10-12 20:46:18,238][INFO] batch_idx: 750 loss: 0.8767509766012311
[2023-10-12 20:46:20,327][INFO] batch_idx: 1000 loss: 0.8792208049085353
[2023-10-12 20:46:20,551][INFO] ---Label inference on complete training dataset:
[2023-10-12 20:46:43,989][INFO] Dataset Overall Statistics:
[2023-10-12 20:46:43,990][INFO]   precision: 0.3228002591874296 recall: 0.5994260846003179 F1: 0.20981280439026584
[2023-10-12 20:46:43,990][INFO]   accuracy: 0.57799, auc: 0.62057688447167
[2023-10-12 20:46:43,990][INFO] ---Label inference on complete testing dataset:
[2023-10-12 20:46:48,054][INFO] Dataset Overall Statistics:
[2023-10-12 20:46:48,054][INFO]   precision: 0.3204306897825266 recall: 0.5984150064907605 F1: 0.20868632685962782
[2023-10-12 20:46:48,054][INFO]   accuracy: 0.57619, auc: 0.6201013118609069
[2023-10-12 20:46:48,054][INFO] 
[2023-10-12 20:46:48,055][INFO] Epoch: [5 | 5] LR: 0.001000
[2023-10-12 20:46:48,087][INFO] batch_idx: 0 loss: 0.6630715131759644
[2023-10-12 20:46:50,099][INFO] batch_idx: 250 loss: 0.9360340827727223
[2023-10-12 20:46:52,048][INFO] batch_idx: 500 loss: 0.9557181220211669
[2023-10-12 20:46:54,112][INFO] batch_idx: 750 loss: 0.9583586299228922
[2023-10-12 20:46:56,072][INFO] batch_idx: 1000 loss: 0.9683155032185526
[2023-10-12 20:46:56,272][INFO] ---Label inference on complete training dataset:
[2023-10-12 20:47:19,102][INFO] Dataset Overall Statistics:
[2023-10-12 20:47:19,102][INFO]   precision: 0.324584980565994 recall: 0.5927564026927215 F1: 0.20973634130067745
[2023-10-12 20:47:19,103][INFO]   accuracy: 0.582358, auc: 0.6209706955175425
[2023-10-12 20:47:19,103][INFO] ---Label inference on complete testing dataset:
[2023-10-12 20:47:23,584][INFO] Dataset Overall Statistics:
[2023-10-12 20:47:23,584][INFO]   precision: 0.3228111845115122 recall: 0.5919108916716426 F1: 0.20888908340671697
[2023-10-12 20:47:23,584][INFO]   accuracy: 0.581445, auc: 0.6206955003769689
[2023-10-12 20:47:23,584][INFO] Best AUC: 0.6548922065183704
