[2023-10-12 18:09:39,487][INFO] 
[2023-10-12 18:09:39,487][INFO] >>> Model completion...
[2023-10-12 18:09:39,488][INFO] model completion config:
[2023-10-12 18:09:39,488][INFO] [dataset]
[2023-10-12 18:09:39,488][INFO]     name = criteo
[2023-10-12 18:09:39,488][INFO]     guestcols = I1,I2,I3,I4,I5,I6,I7,C1,C2,C3,C4,C5,C6,C7,C8,C9,C10,C11,C12,C13
[2023-10-12 18:09:39,489][INFO]     hostcols = I8,I9,I10,I11,I12,I13,C14,C15,C16,C17,C18,C19,C20,C21,C22,C23,C24,C25,C26
[2023-10-12 18:09:39,489][INFO]     guestdensenum = 7
[2023-10-12 18:09:39,489][INFO]     guestsparsenum = 13
[2023-10-12 18:09:39,489][INFO]     hostdensenum = 6
[2023-10-12 18:09:39,489][INFO]     hostsparsenum = 13
[2023-10-12 18:09:39,489][INFO]     embeddingsize = 8
[2023-10-12 18:09:39,489][INFO]     bottomfcdim = 512,256
[2023-10-12 18:09:39,489][INFO]     embeddingdim = 128
[2023-10-12 18:09:39,490][INFO]     topfcdim = 1
[2023-10-12 18:09:39,490][INFO] [training]
[2023-10-12 18:09:39,490][INFO]     epoch = 5
[2023-10-12 18:09:39,490][INFO]     learningrate = 0.05
[2023-10-12 18:09:39,490][INFO]     batchsize = 1024
[2023-10-12 18:09:39,490][INFO]     device = cuda
[2023-10-12 18:09:39,490][INFO]     usemaloptimizer = 0
[2023-10-12 18:09:39,490][INFO]     printinterval = 5
[2023-10-12 18:09:39,490][INFO] [privacy]
[2023-10-12 18:09:39,490][INFO]     normattack = 1
[2023-10-12 18:09:39,491][INFO]     embattack = 1
[2023-10-12 18:09:39,491][INFO]     modelcompletion = 1
[2023-10-12 18:09:39,491][INFO]     mcnlabeled = 200
[2023-10-12 18:09:39,491][INFO]     mcbatch = 16
[2023-10-12 18:09:39,491][INFO]     mclr = 1e-3
[2023-10-12 18:09:39,491][INFO]     mcepochs = 5
[2023-10-12 18:09:39,491][INFO]     mciter = 1024
[2023-10-12 18:09:39,491][INFO]     mcalpha = 0.75
[2023-10-12 18:09:39,492][INFO]     mclambdau = 50
[2023-10-12 18:09:39,492][INFO]     mct = 0.8
[2023-10-12 18:09:39,492][INFO]     mcemadecay = 0.999
[2023-10-12 18:09:39,492][INFO]     dcorloss = 1
[2023-10-12 18:09:39,492][INFO]     dcorcoef = 0.01
[2023-10-12 18:09:39,493][INFO]     labelconfusion = 0
[2023-10-12 18:09:41,903][INFO] train set: 1000000
[2023-10-12 18:09:42,389][INFO] test set: 200000
[2023-10-12 18:09:45,051][INFO] #Labeled: 200    #Unlabeled: 999800
[2023-10-12 18:09:47,676][INFO] 
[2023-10-12 18:09:47,676][INFO] Epoch: [1 | 5] LR: 0.001000
[2023-10-12 18:09:47,782][INFO] batch_idx: 0 loss: 0.6905628442764282
[2023-10-12 18:09:49,881][INFO] batch_idx: 250 loss: 0.6679104576072845
[2023-10-12 18:09:51,751][INFO] batch_idx: 500 loss: 0.6624047108396085
[2023-10-12 18:09:53,565][INFO] batch_idx: 750 loss: 0.6632160063431203
[2023-10-12 18:09:55,354][INFO] batch_idx: 1000 loss: 0.6673592464788096
[2023-10-12 18:09:55,519][INFO] ---Label inference on complete training dataset:
[2023-10-12 18:10:18,337][INFO] Dataset Overall Statistics:
[2023-10-12 18:10:18,338][INFO]   precision: 0.34927579346632787 recall: 0.6094607040511104 F1: 0.22203167559095302
[2023-10-12 18:10:18,338][INFO]   accuracy: 0.611652, auc: 0.6553053207220504
[2023-10-12 18:10:18,338][INFO] ---Label inference on complete testing dataset:
[2023-10-12 18:10:22,906][INFO] Dataset Overall Statistics:
[2023-10-12 18:10:22,906][INFO]   precision: 0.3462754292143821 recall: 0.6060748183182407 F1: 0.22036936346991223
[2023-10-12 18:10:22,906][INFO]   accuracy: 0.60974, auc: 0.6523514890738714
[2023-10-12 18:10:22,907][INFO] 
[2023-10-12 18:10:22,907][INFO] Epoch: [2 | 5] LR: 0.001000
[2023-10-12 18:10:22,945][INFO] batch_idx: 0 loss: 0.92032790184021
[2023-10-12 18:10:25,075][INFO] batch_idx: 250 loss: 0.6915887824567666
[2023-10-12 18:10:26,918][INFO] batch_idx: 500 loss: 0.6971916502226374
[2023-10-12 18:10:28,709][INFO] batch_idx: 750 loss: 0.7024745307416319
[2023-10-12 18:10:30,501][INFO] batch_idx: 1000 loss: 0.7108356991073825
[2023-10-12 18:10:30,682][INFO] ---Label inference on complete training dataset:
[2023-10-12 18:10:53,546][INFO] Dataset Overall Statistics:
[2023-10-12 18:10:53,547][INFO]   precision: 0.3267380819189904 recall: 0.6185129996580832 F1: 0.21379690019827305
[2023-10-12 18:10:53,547][INFO]   accuracy: 0.578526, auc: 0.6307235512171501
[2023-10-12 18:10:53,547][INFO] ---Label inference on complete testing dataset:
[2023-10-12 18:10:57,923][INFO] Dataset Overall Statistics:
[2023-10-12 18:10:57,923][INFO]   precision: 0.32384777045728735 recall: 0.6150631958742044 F1: 0.21214668037423906
[2023-10-12 18:10:57,924][INFO]   accuracy: 0.57669, auc: 0.6278668029300332
[2023-10-12 18:10:57,924][INFO] 
[2023-10-12 18:10:57,924][INFO] Epoch: [3 | 5] LR: 0.001000
[2023-10-12 18:10:57,961][INFO] batch_idx: 0 loss: 0.8136025667190552
[2023-10-12 18:10:59,981][INFO] batch_idx: 250 loss: 0.7598042418044877
[2023-10-12 18:11:01,857][INFO] batch_idx: 500 loss: 0.7699597981756556
[2023-10-12 18:11:03,719][INFO] batch_idx: 750 loss: 0.7807444901107631
[2023-10-12 18:11:05,528][INFO] batch_idx: 1000 loss: 0.7916562141297938
[2023-10-12 18:11:05,704][INFO] ---Label inference on complete training dataset:
[2023-10-12 18:11:27,953][INFO] Dataset Overall Statistics:
[2023-10-12 18:11:27,953][INFO]   precision: 0.31837358965509116 recall: 0.6190506503600517 F1: 0.21024565967087075
[2023-10-12 18:11:27,953][INFO]   accuracy: 0.56565, auc: 0.618901496848813
[2023-10-12 18:11:27,954][INFO] ---Label inference on complete testing dataset:
[2023-10-12 18:11:32,319][INFO] Dataset Overall Statistics:
[2023-10-12 18:11:32,319][INFO]   precision: 0.31511237640906287 recall: 0.615228401604229 F1: 0.2083817975579354
[2023-10-12 18:11:32,320][INFO]   accuracy: 0.5632, auc: 0.6160648761086225
[2023-10-12 18:11:32,320][INFO] 
[2023-10-12 18:11:32,320][INFO] Epoch: [4 | 5] LR: 0.001000
[2023-10-12 18:11:32,358][INFO] batch_idx: 0 loss: 0.6750444173812866
[2023-10-12 18:11:34,444][INFO] batch_idx: 250 loss: 0.84863817228739
[2023-10-12 18:11:36,327][INFO] batch_idx: 500 loss: 0.8613563652286035
[2023-10-12 18:11:38,196][INFO] batch_idx: 750 loss: 0.864431551983766
[2023-10-12 18:11:39,959][INFO] batch_idx: 1000 loss: 0.8695163452899182
[2023-10-12 18:11:40,136][INFO] ---Label inference on complete training dataset:
[2023-10-12 18:12:02,434][INFO] Dataset Overall Statistics:
[2023-10-12 18:12:02,434][INFO]   precision: 0.31482640052691035 recall: 0.6172997437223137 F1: 0.20849351513341807
[2023-10-12 18:12:02,435][INFO]   accuracy: 0.560774, auc: 0.612121768082045
[2023-10-12 18:12:02,435][INFO] ---Label inference on complete testing dataset:
[2023-10-12 18:12:06,822][INFO] Dataset Overall Statistics:
[2023-10-12 18:12:06,822][INFO]   precision: 0.31146709071291984 recall: 0.6123989417678324 F1: 0.2064607963082261
[2023-10-12 18:12:06,823][INFO]   accuracy: 0.558305, auc: 0.60891543972746
[2023-10-12 18:12:06,823][INFO] 
[2023-10-12 18:12:06,823][INFO] Epoch: [5 | 5] LR: 0.001000
[2023-10-12 18:12:06,856][INFO] batch_idx: 0 loss: 0.9466630220413208
[2023-10-12 18:12:08,995][INFO] batch_idx: 250 loss: 0.9210327794827313
[2023-10-12 18:12:10,849][INFO] batch_idx: 500 loss: 0.9152028626072668
[2023-10-12 18:12:12,710][INFO] batch_idx: 750 loss: 0.9242197831524672
[2023-10-12 18:12:14,830][INFO] batch_idx: 1000 loss: 0.9450985648177125
[2023-10-12 18:12:15,032][INFO] ---Label inference on complete training dataset:
[2023-10-12 18:12:37,922][INFO] Dataset Overall Statistics:
[2023-10-12 18:12:37,923][INFO]   precision: 0.31565074607284077 recall: 0.5804901202609167 F1: 0.20446800992114186
[2023-10-12 18:12:37,923][INFO]   accuracy: 0.57311, auc: 0.6044561933161869
[2023-10-12 18:12:37,924][INFO] ---Label inference on complete testing dataset:
[2023-10-12 18:12:42,347][INFO] Dataset Overall Statistics:
[2023-10-12 18:12:42,347][INFO]   precision: 0.31226423801396336 recall: 0.5747936859772669 F1: 0.20234023902220738
[2023-10-12 18:12:42,348][INFO]   accuracy: 0.57097, auc: 0.6009952690166179
[2023-10-12 18:12:42,348][INFO] Best AUC: 0.6553053207220504
